[0.013s] Invoking command in '/home/gabrielolin/turtlebot3_ws/build/turtlebot3_simulations': AMENT_PREFIX_PATH=/home/gabrielolin/turtlebot3_ws/install/turtlebot3_fake_node:/home/gabrielolin/turtlebot3_ws/install/turtlebot3_msgs:/home/gabrielolin/turtlebot3_ws/install/turtlebot3_gazebo:${AMENT_PREFIX_PATH} CMAKE_PREFIX_PATH=/home/gabrielolin/turtlebot3_ws/install/turtlebot3_fake_node:/home/gabrielolin/turtlebot3_ws/install/turtlebot3_msgs:/home/gabrielolin/turtlebot3_ws/install/turtlebot3_gazebo:/opt/ros/humble LD_LIBRARY_PATH=/home/gabrielolin/turtlebot3_ws/install/turtlebot3_msgs/lib:${LD_LIBRARY_PATH} PYTHONPATH=/home/gabrielolin/turtlebot3_ws/install/turtlebot3_msgs/local/lib/python3.10/dist-packages:${PYTHONPATH} /usr/bin/cmake /home/gabrielolin/turtlebot3_ws/src/turtlebot3_simulations/turtlebot3_simulations -DCMAKE_INSTALL_PREFIX=/home/gabrielolin/turtlebot3_ws/install/turtlebot3_simulations
[0.094s] -- The C compiler identification is GNU 11.4.0
[0.171s] -- The CXX compiler identification is GNU 11.4.0
[0.182s] -- Detecting C compiler ABI info
[0.269s] -- Detecting C compiler ABI info - done
[0.281s] -- Check for working C compiler: /usr/bin/cc - skipped
[0.282s] -- Detecting C compile features
[0.283s] -- Detecting C compile features - done
[0.287s] -- Detecting CXX compiler ABI info
[0.399s] -- Detecting CXX compiler ABI info - done
[0.411s] -- Check for working CXX compiler: /usr/bin/c++ - skipped
[0.412s] -- Detecting CXX compile features
[0.421s] -- Detecting CXX compile features - done
[0.425s] -- Found ament_cmake: 1.3.8 (/opt/ros/humble/share/ament_cmake/cmake)
[0.711s] -- Found Python3: /usr/bin/python3 (found version "3.10.12") found components: Interpreter 
[1.009s] -- Configuring done
[1.013s] -- Generating done
[1.015s] -- Build files have been written to: /home/gabrielolin/turtlebot3_ws/build/turtlebot3_simulations
[1.024s] Invoked command in '/home/gabrielolin/turtlebot3_ws/build/turtlebot3_simulations' returned '0': AMENT_PREFIX_PATH=/home/gabrielolin/turtlebot3_ws/install/turtlebot3_fake_node:/home/gabrielolin/turtlebot3_ws/install/turtlebot3_msgs:/home/gabrielolin/turtlebot3_ws/install/turtlebot3_gazebo:${AMENT_PREFIX_PATH} CMAKE_PREFIX_PATH=/home/gabrielolin/turtlebot3_ws/install/turtlebot3_fake_node:/home/gabrielolin/turtlebot3_ws/install/turtlebot3_msgs:/home/gabrielolin/turtlebot3_ws/install/turtlebot3_gazebo:/opt/ros/humble LD_LIBRARY_PATH=/home/gabrielolin/turtlebot3_ws/install/turtlebot3_msgs/lib:${LD_LIBRARY_PATH} PYTHONPATH=/home/gabrielolin/turtlebot3_ws/install/turtlebot3_msgs/local/lib/python3.10/dist-packages:${PYTHONPATH} /usr/bin/cmake /home/gabrielolin/turtlebot3_ws/src/turtlebot3_simulations/turtlebot3_simulations -DCMAKE_INSTALL_PREFIX=/home/gabrielolin/turtlebot3_ws/install/turtlebot3_simulations
[1.025s] Invoking command in '/home/gabrielolin/turtlebot3_ws/build/turtlebot3_simulations': AMENT_PREFIX_PATH=/home/gabrielolin/turtlebot3_ws/install/turtlebot3_fake_node:/home/gabrielolin/turtlebot3_ws/install/turtlebot3_msgs:/home/gabrielolin/turtlebot3_ws/install/turtlebot3_gazebo:${AMENT_PREFIX_PATH} CMAKE_PREFIX_PATH=/home/gabrielolin/turtlebot3_ws/install/turtlebot3_fake_node:/home/gabrielolin/turtlebot3_ws/install/turtlebot3_msgs:/home/gabrielolin/turtlebot3_ws/install/turtlebot3_gazebo:/opt/ros/humble LD_LIBRARY_PATH=/home/gabrielolin/turtlebot3_ws/install/turtlebot3_msgs/lib:${LD_LIBRARY_PATH} PYTHONPATH=/home/gabrielolin/turtlebot3_ws/install/turtlebot3_msgs/local/lib/python3.10/dist-packages:${PYTHONPATH} /usr/bin/cmake --build /home/gabrielolin/turtlebot3_ws/build/turtlebot3_simulations -- -j8 -l8
[1.082s] Invoked command in '/home/gabrielolin/turtlebot3_ws/build/turtlebot3_simulations' returned '0': AMENT_PREFIX_PATH=/home/gabrielolin/turtlebot3_ws/install/turtlebot3_fake_node:/home/gabrielolin/turtlebot3_ws/install/turtlebot3_msgs:/home/gabrielolin/turtlebot3_ws/install/turtlebot3_gazebo:${AMENT_PREFIX_PATH} CMAKE_PREFIX_PATH=/home/gabrielolin/turtlebot3_ws/install/turtlebot3_fake_node:/home/gabrielolin/turtlebot3_ws/install/turtlebot3_msgs:/home/gabrielolin/turtlebot3_ws/install/turtlebot3_gazebo:/opt/ros/humble LD_LIBRARY_PATH=/home/gabrielolin/turtlebot3_ws/install/turtlebot3_msgs/lib:${LD_LIBRARY_PATH} PYTHONPATH=/home/gabrielolin/turtlebot3_ws/install/turtlebot3_msgs/local/lib/python3.10/dist-packages:${PYTHONPATH} /usr/bin/cmake --build /home/gabrielolin/turtlebot3_ws/build/turtlebot3_simulations -- -j8 -l8
[1.121s] Invoking command in '/home/gabrielolin/turtlebot3_ws/build/turtlebot3_simulations': AMENT_PREFIX_PATH=/home/gabrielolin/turtlebot3_ws/install/turtlebot3_fake_node:/home/gabrielolin/turtlebot3_ws/install/turtlebot3_msgs:/home/gabrielolin/turtlebot3_ws/install/turtlebot3_gazebo:${AMENT_PREFIX_PATH} CMAKE_PREFIX_PATH=/home/gabrielolin/turtlebot3_ws/install/turtlebot3_fake_node:/home/gabrielolin/turtlebot3_ws/install/turtlebot3_msgs:/home/gabrielolin/turtlebot3_ws/install/turtlebot3_gazebo:/opt/ros/humble LD_LIBRARY_PATH=/home/gabrielolin/turtlebot3_ws/install/turtlebot3_msgs/lib:${LD_LIBRARY_PATH} PYTHONPATH=/home/gabrielolin/turtlebot3_ws/install/turtlebot3_msgs/local/lib/python3.10/dist-packages:${PYTHONPATH} /usr/bin/cmake --install /home/gabrielolin/turtlebot3_ws/build/turtlebot3_simulations
[1.133s] -- Install configuration: ""
[1.133s] -- Installing: /home/gabrielolin/turtlebot3_ws/install/turtlebot3_simulations/share/ament_index/resource_index/package_run_dependencies/turtlebot3_simulations
[1.133s] -- Installing: /home/gabrielolin/turtlebot3_ws/install/turtlebot3_simulations/share/ament_index/resource_index/parent_prefix_path/turtlebot3_simulations
[1.134s] -- Installing: /home/gabrielolin/turtlebot3_ws/install/turtlebot3_simulations/share/turtlebot3_simulations/environment/ament_prefix_path.sh
[1.134s] -- Installing: /home/gabrielolin/turtlebot3_ws/install/turtlebot3_simulations/share/turtlebot3_simulations/environment/ament_prefix_path.dsv
[1.134s] -- Installing: /home/gabrielolin/turtlebot3_ws/install/turtlebot3_simulations/share/turtlebot3_simulations/environment/path.sh
[1.135s] -- Installing: /home/gabrielolin/turtlebot3_ws/install/turtlebot3_simulations/share/turtlebot3_simulations/environment/path.dsv
[1.135s] -- Installing: /home/gabrielolin/turtlebot3_ws/install/turtlebot3_simulations/share/turtlebot3_simulations/local_setup.bash
[1.135s] -- Installing: /home/gabrielolin/turtlebot3_ws/install/turtlebot3_simulations/share/turtlebot3_simulations/local_setup.sh
[1.135s] -- Installing: /home/gabrielolin/turtlebot3_ws/install/turtlebot3_simulations/share/turtlebot3_simulations/local_setup.zsh
[1.135s] -- Installing: /home/gabrielolin/turtlebot3_ws/install/turtlebot3_simulations/share/turtlebot3_simulations/local_setup.dsv
[1.136s] -- Installing: /home/gabrielolin/turtlebot3_ws/install/turtlebot3_simulations/share/turtlebot3_simulations/package.dsv
[1.136s] -- Installing: /home/gabrielolin/turtlebot3_ws/install/turtlebot3_simulations/share/ament_index/resource_index/packages/turtlebot3_simulations
[1.136s] -- Installing: /home/gabrielolin/turtlebot3_ws/install/turtlebot3_simulations/share/turtlebot3_simulations/cmake/turtlebot3_simulationsConfig.cmake
[1.137s] -- Installing: /home/gabrielolin/turtlebot3_ws/install/turtlebot3_simulations/share/turtlebot3_simulations/cmake/turtlebot3_simulationsConfig-version.cmake
[1.137s] -- Installing: /home/gabrielolin/turtlebot3_ws/install/turtlebot3_simulations/share/turtlebot3_simulations/package.xml
[1.139s] Invoked command in '/home/gabrielolin/turtlebot3_ws/build/turtlebot3_simulations' returned '0': AMENT_PREFIX_PATH=/home/gabrielolin/turtlebot3_ws/install/turtlebot3_fake_node:/home/gabrielolin/turtlebot3_ws/install/turtlebot3_msgs:/home/gabrielolin/turtlebot3_ws/install/turtlebot3_gazebo:${AMENT_PREFIX_PATH} CMAKE_PREFIX_PATH=/home/gabrielolin/turtlebot3_ws/install/turtlebot3_fake_node:/home/gabrielolin/turtlebot3_ws/install/turtlebot3_msgs:/home/gabrielolin/turtlebot3_ws/install/turtlebot3_gazebo:/opt/ros/humble LD_LIBRARY_PATH=/home/gabrielolin/turtlebot3_ws/install/turtlebot3_msgs/lib:${LD_LIBRARY_PATH} PYTHONPATH=/home/gabrielolin/turtlebot3_ws/install/turtlebot3_msgs/local/lib/python3.10/dist-packages:${PYTHONPATH} /usr/bin/cmake --install /home/gabrielolin/turtlebot3_ws/build/turtlebot3_simulations
