[0.106s] Invoking command in '/home/gabrielolin/turtlebot3_ws/build/turtlebot3_description': CMAKE_PREFIX_PATH=/opt/ros/humble /usr/bin/cmake --build /home/gabrielolin/turtlebot3_ws/build/turtlebot3_description -- -j2 -l2
[0.703s] Invoked command in '/home/gabrielolin/turtlebot3_ws/build/turtlebot3_description' returned '0': CMAKE_PREFIX_PATH=/opt/ros/humble /usr/bin/cmake --build /home/gabrielolin/turtlebot3_ws/build/turtlebot3_description -- -j2 -l2
[1.343s] Invoking command in '/home/gabrielolin/turtlebot3_ws/build/turtlebot3_description': CMAKE_PREFIX_PATH=/opt/ros/humble /usr/bin/cmake --install /home/gabrielolin/turtlebot3_ws/build/turtlebot3_description
[1.473s] -- Install configuration: ""
[1.473s] -- Up-to-date: /home/gabrielolin/turtlebot3_ws/install/turtlebot3_description/share/turtlebot3_description/meshes
[1.473s] -- Up-to-date: /home/gabrielolin/turtlebot3_ws/install/turtlebot3_description/share/turtlebot3_description/meshes/bases
[1.474s] -- Up-to-date: /home/gabrielolin/turtlebot3_ws/install/turtlebot3_description/share/turtlebot3_description/meshes/bases/waffle_pi_base.stl
[1.474s] -- Up-to-date: /home/gabrielolin/turtlebot3_ws/install/turtlebot3_description/share/turtlebot3_description/meshes/bases/burger_base.stl
[1.474s] -- Up-to-date: /home/gabrielolin/turtlebot3_ws/install/turtlebot3_description/share/turtlebot3_description/meshes/bases/waffle_base.stl
[1.474s] -- Up-to-date: /home/gabrielolin/turtlebot3_ws/install/turtlebot3_description/share/turtlebot3_description/meshes/sensors
[1.474s] -- Up-to-date: /home/gabrielolin/turtlebot3_ws/install/turtlebot3_description/share/turtlebot3_description/meshes/sensors/astra.dae
[1.474s] -- Up-to-date: /home/gabrielolin/turtlebot3_ws/install/turtlebot3_description/share/turtlebot3_description/meshes/sensors/r200.dae
[1.474s] -- Up-to-date: /home/gabrielolin/turtlebot3_ws/install/turtlebot3_description/share/turtlebot3_description/meshes/sensors/astra.jpg
[1.474s] -- Up-to-date: /home/gabrielolin/turtlebot3_ws/install/turtlebot3_description/share/turtlebot3_description/meshes/sensors/lds.stl
[1.475s] -- Up-to-date: /home/gabrielolin/turtlebot3_ws/install/turtlebot3_description/share/turtlebot3_description/meshes/sensors/r200.jpg
[1.475s] -- Up-to-date: /home/gabrielolin/turtlebot3_ws/install/turtlebot3_description/share/turtlebot3_description/meshes/wheels
[1.475s] -- Up-to-date: /home/gabrielolin/turtlebot3_ws/install/turtlebot3_description/share/turtlebot3_description/meshes/wheels/right_tire.stl
[1.475s] -- Up-to-date: /home/gabrielolin/turtlebot3_ws/install/turtlebot3_description/share/turtlebot3_description/meshes/wheels/left_tire.stl
[1.475s] -- Up-to-date: /home/gabrielolin/turtlebot3_ws/install/turtlebot3_description/share/turtlebot3_description/rviz
[1.475s] -- Up-to-date: /home/gabrielolin/turtlebot3_ws/install/turtlebot3_description/share/turtlebot3_description/rviz/model.rviz
[1.488s] -- Up-to-date: /home/gabrielolin/turtlebot3_ws/install/turtlebot3_description/share/turtlebot3_description/urdf
[1.488s] -- Up-to-date: /home/gabrielolin/turtlebot3_ws/install/turtlebot3_description/share/turtlebot3_description/urdf/turtlebot3_waffle_pi.urdf
[1.501s] -- Up-to-date: /home/gabrielolin/turtlebot3_ws/install/turtlebot3_description/share/turtlebot3_description/urdf/turtlebot3_burger.urdf
[1.501s] -- Up-to-date: /home/gabrielolin/turtlebot3_ws/install/turtlebot3_description/share/turtlebot3_description/urdf/common_properties.urdf
[1.501s] -- Up-to-date: /home/gabrielolin/turtlebot3_ws/install/turtlebot3_description/share/turtlebot3_description/urdf/turtlebot3_waffle.urdf
[1.502s] -- Up-to-date: /home/gabrielolin/turtlebot3_ws/install/turtlebot3_description/share/ament_index/resource_index/package_run_dependencies/turtlebot3_description
[1.502s] -- Up-to-date: /home/gabrielolin/turtlebot3_ws/install/turtlebot3_description/share/ament_index/resource_index/parent_prefix_path/turtlebot3_description
[1.502s] -- Installing: /home/gabrielolin/turtlebot3_ws/install/turtlebot3_description/share/turtlebot3_description/environment/ament_prefix_path.sh
[1.502s] -- Up-to-date: /home/gabrielolin/turtlebot3_ws/install/turtlebot3_description/share/turtlebot3_description/environment/ament_prefix_path.dsv
[1.502s] -- Installing: /home/gabrielolin/turtlebot3_ws/install/turtlebot3_description/share/turtlebot3_description/environment/path.sh
[1.502s] -- Up-to-date: /home/gabrielolin/turtlebot3_ws/install/turtlebot3_description/share/turtlebot3_description/environment/path.dsv
[1.502s] -- Up-to-date: /home/gabrielolin/turtlebot3_ws/install/turtlebot3_description/share/turtlebot3_description/local_setup.bash
[1.502s] -- Up-to-date: /home/gabrielolin/turtlebot3_ws/install/turtlebot3_description/share/turtlebot3_description/local_setup.sh
[1.523s] -- Up-to-date: /home/gabrielolin/turtlebot3_ws/install/turtlebot3_description/share/turtlebot3_description/local_setup.zsh
[1.524s] -- Up-to-date: /home/gabrielolin/turtlebot3_ws/install/turtlebot3_description/share/turtlebot3_description/local_setup.dsv
[1.524s] -- Up-to-date: /home/gabrielolin/turtlebot3_ws/install/turtlebot3_description/share/turtlebot3_description/package.dsv
[1.524s] -- Up-to-date: /home/gabrielolin/turtlebot3_ws/install/turtlebot3_description/share/ament_index/resource_index/packages/turtlebot3_description
[1.524s] -- Up-to-date: /home/gabrielolin/turtlebot3_ws/install/turtlebot3_description/share/turtlebot3_description/cmake/turtlebot3_descriptionConfig.cmake
[1.524s] -- Up-to-date: /home/gabrielolin/turtlebot3_ws/install/turtlebot3_description/share/turtlebot3_description/cmake/turtlebot3_descriptionConfig-version.cmake
[1.524s] -- Up-to-date: /home/gabrielolin/turtlebot3_ws/install/turtlebot3_description/share/turtlebot3_description/package.xml
[1.551s] Invoked command in '/home/gabrielolin/turtlebot3_ws/build/turtlebot3_description' returned '0': CMAKE_PREFIX_PATH=/opt/ros/humble /usr/bin/cmake --install /home/gabrielolin/turtlebot3_ws/build/turtlebot3_description
