[0.027s] Invoking command in '/home/gabrielolin/turtlebot3_ws/build/turtlebot3_node': AMENT_PREFIX_PATH=/home/gabrielolin/turtlebot3_ws/install/turtlebot3_msgs:/home/gabrielolin/turtlebot3_ws/install/dynamixel_sdk:${AMENT_PREFIX_PATH} CMAKE_PREFIX_PATH=/home/gabrielolin/turtlebot3_ws/install/turtlebot3_msgs:/home/gabrielolin/turtlebot3_ws/install/dynamixel_sdk:/opt/ros/humble LD_LIBRARY_PATH=/home/gabrielolin/turtlebot3_ws/install/turtlebot3_msgs/lib:/home/gabrielolin/turtlebot3_ws/install/dynamixel_sdk/lib:${LD_LIBRARY_PATH} PYTHONPATH=/home/gabrielolin/turtlebot3_ws/install/turtlebot3_msgs/local/lib/python3.10/dist-packages:${PYTHONPATH} /usr/bin/cmake /home/gabrielolin/turtlebot3_ws/src/turtlebot3/turtlebot3_node -DCMAKE_INSTALL_PREFIX=/home/gabrielolin/turtlebot3_ws/install/turtlebot3_node
[0.641s] -- The C compiler identification is GNU 11.4.0
[0.641s] -- The CXX compiler identification is GNU 11.4.0
[0.642s] -- Detecting C compiler ABI info
[0.642s] -- Detecting C compiler ABI info - done
[0.642s] -- Check for working C compiler: /usr/bin/cc - skipped
[0.642s] -- Detecting C compile features
[0.643s] -- Detecting C compile features - done
[0.643s] -- Detecting CXX compiler ABI info
[0.643s] -- Detecting CXX compiler ABI info - done
[0.643s] -- Check for working CXX compiler: /usr/bin/c++ - skipped
[0.643s] -- Detecting CXX compile features
[0.643s] -- Detecting CXX compile features - done
[0.644s] -- Found ament_cmake: 1.3.8 (/opt/ros/humble/share/ament_cmake/cmake)
[0.921s] -- Found Python3: /usr/bin/python3 (found version "3.10.12") found components: Interpreter 
[1.116s] -- Found dynamixel_sdk: 3.7.60 (/home/gabrielolin/turtlebot3_ws/install/dynamixel_sdk/share/dynamixel_sdk/cmake)
[1.126s] -- Found geometry_msgs: 4.2.3 (/opt/ros/humble/share/geometry_msgs/cmake)
[1.206s] -- Found rosidl_generator_c: 3.1.5 (/opt/ros/humble/share/rosidl_generator_c/cmake)
[1.217s] -- Found rosidl_adapter: 3.1.5 (/opt/ros/humble/share/rosidl_adapter/cmake)
[1.237s] -- Found rosidl_generator_cpp: 3.1.5 (/opt/ros/humble/share/rosidl_generator_cpp/cmake)
[1.268s] -- Using all available rosidl_typesupport_c: rosidl_typesupport_fastrtps_c;rosidl_typesupport_introspection_c
[1.309s] -- Using all available rosidl_typesupport_cpp: rosidl_typesupport_fastrtps_cpp;rosidl_typesupport_introspection_cpp
[1.590s] -- Found message_filters: 4.3.3 (/opt/ros/humble/share/message_filters/cmake)
[1.739s] -- Found rmw_implementation_cmake: 6.1.1 (/opt/ros/humble/share/rmw_implementation_cmake/cmake)
[1.747s] -- Found rmw_cyclonedds_cpp: 1.3.4 (/opt/ros/humble/share/rmw_cyclonedds_cpp/cmake)
[1.832s] -- Using RMW implementation 'rmw_cyclonedds_cpp' as default
[1.859s] -- Looking for pthread.h
[2.011s] -- Looking for pthread.h - found
[2.012s] -- Performing Test CMAKE_HAVE_LIBC_PTHREAD
[2.154s] -- Performing Test CMAKE_HAVE_LIBC_PTHREAD - Success
[2.156s] -- Found Threads: TRUE  
[2.490s] -- Found nav_msgs: 4.2.3 (/opt/ros/humble/share/nav_msgs/cmake)
[2.689s] -- Found sensor_msgs: 4.2.3 (/opt/ros/humble/share/sensor_msgs/cmake)
[2.894s] -- Found std_srvs: 4.2.3 (/opt/ros/humble/share/std_srvs/cmake)
[2.949s] -- Found tf2: 0.25.6 (/opt/ros/humble/share/tf2/cmake)
[2.988s] -- Found tf2_ros: 0.25.6 (/opt/ros/humble/share/tf2_ros/cmake)
[3.802s] -- Found turtlebot3_msgs: 2.2.3 (/home/gabrielolin/turtlebot3_ws/install/turtlebot3_msgs/share/turtlebot3_msgs/cmake)
[4.168s] -- Configuring done
[4.200s] -- Generating done
[4.204s] -- Build files have been written to: /home/gabrielolin/turtlebot3_ws/build/turtlebot3_node
[4.223s] Invoked command in '/home/gabrielolin/turtlebot3_ws/build/turtlebot3_node' returned '0': AMENT_PREFIX_PATH=/home/gabrielolin/turtlebot3_ws/install/turtlebot3_msgs:/home/gabrielolin/turtlebot3_ws/install/dynamixel_sdk:${AMENT_PREFIX_PATH} CMAKE_PREFIX_PATH=/home/gabrielolin/turtlebot3_ws/install/turtlebot3_msgs:/home/gabrielolin/turtlebot3_ws/install/dynamixel_sdk:/opt/ros/humble LD_LIBRARY_PATH=/home/gabrielolin/turtlebot3_ws/install/turtlebot3_msgs/lib:/home/gabrielolin/turtlebot3_ws/install/dynamixel_sdk/lib:${LD_LIBRARY_PATH} PYTHONPATH=/home/gabrielolin/turtlebot3_ws/install/turtlebot3_msgs/local/lib/python3.10/dist-packages:${PYTHONPATH} /usr/bin/cmake /home/gabrielolin/turtlebot3_ws/src/turtlebot3/turtlebot3_node -DCMAKE_INSTALL_PREFIX=/home/gabrielolin/turtlebot3_ws/install/turtlebot3_node
[4.227s] Invoking command in '/home/gabrielolin/turtlebot3_ws/build/turtlebot3_node': AMENT_PREFIX_PATH=/home/gabrielolin/turtlebot3_ws/install/turtlebot3_msgs:/home/gabrielolin/turtlebot3_ws/install/dynamixel_sdk:${AMENT_PREFIX_PATH} CMAKE_PREFIX_PATH=/home/gabrielolin/turtlebot3_ws/install/turtlebot3_msgs:/home/gabrielolin/turtlebot3_ws/install/dynamixel_sdk:/opt/ros/humble LD_LIBRARY_PATH=/home/gabrielolin/turtlebot3_ws/install/turtlebot3_msgs/lib:/home/gabrielolin/turtlebot3_ws/install/dynamixel_sdk/lib:${LD_LIBRARY_PATH} PYTHONPATH=/home/gabrielolin/turtlebot3_ws/install/turtlebot3_msgs/local/lib/python3.10/dist-packages:${PYTHONPATH} /usr/bin/cmake --build /home/gabrielolin/turtlebot3_ws/build/turtlebot3_node -- -j8 -l8
[4.347s] [  7%] [32mBuilding CXX object CMakeFiles/turtlebot3_node_lib.dir/src/devices/motor_power.cpp.o[0m
[4.365s] [ 14%] [32mBuilding CXX object CMakeFiles/turtlebot3_node_lib.dir/src/devices/sound.cpp.o[0m
[4.368s] [ 21%] [32mBuilding CXX object CMakeFiles/turtlebot3_node_lib.dir/src/diff_drive_controller.cpp.o[0m
[4.383s] [ 28%] [32mBuilding CXX object CMakeFiles/turtlebot3_node_lib.dir/src/devices/reset.cpp.o[0m
[4.388s] [ 35%] [32mBuilding CXX object CMakeFiles/turtlebot3_node_lib.dir/src/dynamixel_sdk_wrapper.cpp.o[0m
[4.403s] [ 42%] [32mBuilding CXX object CMakeFiles/turtlebot3_node_lib.dir/src/odometry.cpp.o[0m
[4.489s] [ 50%] [32mBuilding CXX object CMakeFiles/turtlebot3_node_lib.dir/src/sensors/battery_state.cpp.o[0m
[4.489s] [ 57%] [32mBuilding CXX object CMakeFiles/turtlebot3_node_lib.dir/src/turtlebot3.cpp.o[0m
[6.798s] [ 64%] [32mBuilding CXX object CMakeFiles/turtlebot3_node_lib.dir/src/sensors/imu.cpp.o[0m
[25.639s] [ 71%] [32mBuilding CXX object CMakeFiles/turtlebot3_node_lib.dir/src/sensors/joint_state.cpp.o[0m
[26.117s] [ 78%] [32mBuilding CXX object CMakeFiles/turtlebot3_node_lib.dir/src/sensors/sensor_state.cpp.o[0m
[49.937s] [ 85%] [32m[1mLinking CXX static library libturtlebot3_node_lib.a[0m
[50.586s] [ 85%] Built target turtlebot3_node_lib
[50.605s] [ 92%] [32mBuilding CXX object CMakeFiles/turtlebot3_ros.dir/src/node_main.cpp.o[0m
[54.479s] [100%] [32m[1mLinking CXX executable turtlebot3_ros[0m
[56.256s] [100%] Built target turtlebot3_ros
[56.267s] Invoked command in '/home/gabrielolin/turtlebot3_ws/build/turtlebot3_node' returned '0': AMENT_PREFIX_PATH=/home/gabrielolin/turtlebot3_ws/install/turtlebot3_msgs:/home/gabrielolin/turtlebot3_ws/install/dynamixel_sdk:${AMENT_PREFIX_PATH} CMAKE_PREFIX_PATH=/home/gabrielolin/turtlebot3_ws/install/turtlebot3_msgs:/home/gabrielolin/turtlebot3_ws/install/dynamixel_sdk:/opt/ros/humble LD_LIBRARY_PATH=/home/gabrielolin/turtlebot3_ws/install/turtlebot3_msgs/lib:/home/gabrielolin/turtlebot3_ws/install/dynamixel_sdk/lib:${LD_LIBRARY_PATH} PYTHONPATH=/home/gabrielolin/turtlebot3_ws/install/turtlebot3_msgs/local/lib/python3.10/dist-packages:${PYTHONPATH} /usr/bin/cmake --build /home/gabrielolin/turtlebot3_ws/build/turtlebot3_node -- -j8 -l8
[56.315s] Invoking command in '/home/gabrielolin/turtlebot3_ws/build/turtlebot3_node': AMENT_PREFIX_PATH=/home/gabrielolin/turtlebot3_ws/install/turtlebot3_msgs:/home/gabrielolin/turtlebot3_ws/install/dynamixel_sdk:${AMENT_PREFIX_PATH} CMAKE_PREFIX_PATH=/home/gabrielolin/turtlebot3_ws/install/turtlebot3_msgs:/home/gabrielolin/turtlebot3_ws/install/dynamixel_sdk:/opt/ros/humble LD_LIBRARY_PATH=/home/gabrielolin/turtlebot3_ws/install/turtlebot3_msgs/lib:/home/gabrielolin/turtlebot3_ws/install/dynamixel_sdk/lib:${LD_LIBRARY_PATH} PYTHONPATH=/home/gabrielolin/turtlebot3_ws/install/turtlebot3_msgs/local/lib/python3.10/dist-packages:${PYTHONPATH} /usr/bin/cmake --install /home/gabrielolin/turtlebot3_ws/build/turtlebot3_node
[56.321s] -- Install configuration: ""
[56.321s] -- Installing: /home/gabrielolin/turtlebot3_ws/install/turtlebot3_node/share/turtlebot3_node/param
[56.322s] -- Installing: /home/gabrielolin/turtlebot3_ws/install/turtlebot3_node/share/turtlebot3_node/param/waffle.yaml
[56.322s] -- Installing: /home/gabrielolin/turtlebot3_ws/install/turtlebot3_node/share/turtlebot3_node/param/waffle_pi.yaml
[56.322s] -- Installing: /home/gabrielolin/turtlebot3_ws/install/turtlebot3_node/share/turtlebot3_node/param/burger.yaml
[56.322s] -- Installing: /home/gabrielolin/turtlebot3_ws/install/turtlebot3_node/lib/turtlebot3_node/turtlebot3_ros
[56.332s] -- Set runtime path of "/home/gabrielolin/turtlebot3_ws/install/turtlebot3_node/lib/turtlebot3_node/turtlebot3_ros" to ""
[56.332s] -- Installing: /home/gabrielolin/turtlebot3_ws/install/turtlebot3_node/share/ament_index/resource_index/package_run_dependencies/turtlebot3_node
[56.332s] -- Installing: /home/gabrielolin/turtlebot3_ws/install/turtlebot3_node/share/ament_index/resource_index/parent_prefix_path/turtlebot3_node
[56.333s] -- Installing: /home/gabrielolin/turtlebot3_ws/install/turtlebot3_node/share/turtlebot3_node/environment/ament_prefix_path.sh
[56.333s] -- Installing: /home/gabrielolin/turtlebot3_ws/install/turtlebot3_node/share/turtlebot3_node/environment/ament_prefix_path.dsv
[56.333s] -- Installing: /home/gabrielolin/turtlebot3_ws/install/turtlebot3_node/share/turtlebot3_node/environment/path.sh
[56.333s] -- Installing: /home/gabrielolin/turtlebot3_ws/install/turtlebot3_node/share/turtlebot3_node/environment/path.dsv
[56.333s] -- Installing: /home/gabrielolin/turtlebot3_ws/install/turtlebot3_node/share/turtlebot3_node/local_setup.bash
[56.333s] -- Installing: /home/gabrielolin/turtlebot3_ws/install/turtlebot3_node/share/turtlebot3_node/local_setup.sh
[56.333s] -- Installing: /home/gabrielolin/turtlebot3_ws/install/turtlebot3_node/share/turtlebot3_node/local_setup.zsh
[56.333s] -- Installing: /home/gabrielolin/turtlebot3_ws/install/turtlebot3_node/share/turtlebot3_node/local_setup.dsv
[56.334s] -- Installing: /home/gabrielolin/turtlebot3_ws/install/turtlebot3_node/share/turtlebot3_node/package.dsv
[56.334s] -- Installing: /home/gabrielolin/turtlebot3_ws/install/turtlebot3_node/share/ament_index/resource_index/packages/turtlebot3_node
[56.334s] -- Installing: /home/gabrielolin/turtlebot3_ws/install/turtlebot3_node/share/turtlebot3_node/cmake/ament_cmake_export_include_directories-extras.cmake
[56.334s] -- Installing: /home/gabrielolin/turtlebot3_ws/install/turtlebot3_node/share/turtlebot3_node/cmake/turtlebot3_nodeConfig.cmake
[56.334s] -- Installing: /home/gabrielolin/turtlebot3_ws/install/turtlebot3_node/share/turtlebot3_node/cmake/turtlebot3_nodeConfig-version.cmake
[56.334s] -- Installing: /home/gabrielolin/turtlebot3_ws/install/turtlebot3_node/share/turtlebot3_node/package.xml
[56.336s] Invoked command in '/home/gabrielolin/turtlebot3_ws/build/turtlebot3_node' returned '0': AMENT_PREFIX_PATH=/home/gabrielolin/turtlebot3_ws/install/turtlebot3_msgs:/home/gabrielolin/turtlebot3_ws/install/dynamixel_sdk:${AMENT_PREFIX_PATH} CMAKE_PREFIX_PATH=/home/gabrielolin/turtlebot3_ws/install/turtlebot3_msgs:/home/gabrielolin/turtlebot3_ws/install/dynamixel_sdk:/opt/ros/humble LD_LIBRARY_PATH=/home/gabrielolin/turtlebot3_ws/install/turtlebot3_msgs/lib:/home/gabrielolin/turtlebot3_ws/install/dynamixel_sdk/lib:${LD_LIBRARY_PATH} PYTHONPATH=/home/gabrielolin/turtlebot3_ws/install/turtlebot3_msgs/local/lib/python3.10/dist-packages:${PYTHONPATH} /usr/bin/cmake --install /home/gabrielolin/turtlebot3_ws/build/turtlebot3_node
