[0.029s] Invoking command in '/home/gabrielolin/turtlebot3_ws/build/dynamixel_sdk_examples': AMENT_PREFIX_PATH=/home/gabrielolin/turtlebot3_ws/install/dynamixel_sdk_custom_interfaces:/home/gabrielolin/turtlebot3_ws/install/dynamixel_sdk:${AMENT_PREFIX_PATH} CMAKE_PREFIX_PATH=/home/gabrielolin/turtlebot3_ws/install/dynamixel_sdk_custom_interfaces:/home/gabrielolin/turtlebot3_ws/install/dynamixel_sdk:/opt/ros/humble LD_LIBRARY_PATH=/home/gabrielolin/turtlebot3_ws/install/dynamixel_sdk_custom_interfaces/lib:/home/gabrielolin/turtlebot3_ws/install/dynamixel_sdk/lib:${LD_LIBRARY_PATH} PYTHONPATH=/home/gabrielolin/turtlebot3_ws/install/dynamixel_sdk_custom_interfaces/local/lib/python3.10/dist-packages:${PYTHONPATH} /usr/bin/cmake /home/gabrielolin/turtlebot3_ws/src/DynamixelSDK/dynamixel_sdk_examples -DCMAKE_INSTALL_PREFIX=/home/gabrielolin/turtlebot3_ws/install/dynamixel_sdk_examples
[0.178s] -- The C compiler identification is GNU 11.4.0
[0.288s] -- The CXX compiler identification is GNU 11.4.0
[0.301s] -- Detecting C compiler ABI info
[0.487s] -- Detecting C compiler ABI info - done
[0.518s] -- Check for working C compiler: /usr/bin/cc - skipped
[0.519s] -- Detecting C compile features
[0.519s] -- Detecting C compile features - done
[0.524s] -- Detecting CXX compiler ABI info
[0.670s] -- Detecting CXX compiler ABI info - done
[0.686s] -- Check for working CXX compiler: /usr/bin/c++ - skipped
[0.687s] -- Detecting CXX compile features
[0.688s] -- Detecting CXX compile features - done
[0.693s] -- Found ament_cmake: 1.3.8 (/opt/ros/humble/share/ament_cmake/cmake)
[0.992s] -- Found Python3: /usr/bin/python3 (found version "3.10.12") found components: Interpreter 
[1.152s] -- Found dynamixel_sdk: 3.7.60 (/home/gabrielolin/turtlebot3_ws/install/dynamixel_sdk/share/dynamixel_sdk/cmake)
[1.154s] -- Found dynamixel_sdk_custom_interfaces: 3.7.60 (/home/gabrielolin/turtlebot3_ws/install/dynamixel_sdk_custom_interfaces/share/dynamixel_sdk_custom_interfaces/cmake)
[1.233s] -- Found rosidl_generator_c: 3.1.5 (/opt/ros/humble/share/rosidl_generator_c/cmake)
[1.242s] -- Found rosidl_adapter: 3.1.5 (/opt/ros/humble/share/rosidl_adapter/cmake)
[1.257s] -- Found rosidl_generator_cpp: 3.1.5 (/opt/ros/humble/share/rosidl_generator_cpp/cmake)
[1.292s] -- Using all available rosidl_typesupport_c: rosidl_typesupport_fastrtps_c;rosidl_typesupport_introspection_c
[1.326s] -- Using all available rosidl_typesupport_cpp: rosidl_typesupport_fastrtps_cpp;rosidl_typesupport_introspection_cpp
[1.433s] -- Found rclcpp: 16.0.8 (/opt/ros/humble/share/rclcpp/cmake)
[1.563s] -- Found rmw_implementation_cmake: 6.1.1 (/opt/ros/humble/share/rmw_implementation_cmake/cmake)
[1.578s] -- Found rmw_cyclonedds_cpp: 1.3.4 (/opt/ros/humble/share/rmw_cyclonedds_cpp/cmake)
[1.633s] -- Using RMW implementation 'rmw_cyclonedds_cpp' as default
[1.650s] -- Looking for pthread.h
[1.786s] -- Looking for pthread.h - found
[1.786s] -- Performing Test CMAKE_HAVE_LIBC_PTHREAD
[1.961s] -- Performing Test CMAKE_HAVE_LIBC_PTHREAD - Success
[1.976s] -- Found Threads: TRUE  
[2.304s] -- Found ament_lint_auto: 0.12.10 (/opt/ros/humble/share/ament_lint_auto/cmake)
[2.483s] -- Added test 'copyright' to check source files copyright and LICENSE
[2.485s] -- Added test 'cppcheck' to perform static code analysis on C / C++ code
[2.486s] -- Configured cppcheck include dirs: /home/gabrielolin/turtlebot3_ws/src/DynamixelSDK/dynamixel_sdk_examples/include
[2.486s] -- Configured cppcheck exclude dirs and/or files: 
[2.491s] -- Added test 'cpplint' to check C / C++ code against the Google style
[2.492s] -- Configured cpplint exclude dirs and/or files: 
[2.494s] -- Added test 'lint_cmake' to check CMake code style
[2.497s] -- Added test 'uncrustify' to check C / C++ code style
[2.497s] -- Configured uncrustify additional arguments: 
[2.498s] -- Added test 'xmllint' to check XML markup files
[2.500s] -- Configuring done
[2.514s] -- Generating done
[2.517s] -- Build files have been written to: /home/gabrielolin/turtlebot3_ws/build/dynamixel_sdk_examples
[2.531s] Invoked command in '/home/gabrielolin/turtlebot3_ws/build/dynamixel_sdk_examples' returned '0': AMENT_PREFIX_PATH=/home/gabrielolin/turtlebot3_ws/install/dynamixel_sdk_custom_interfaces:/home/gabrielolin/turtlebot3_ws/install/dynamixel_sdk:${AMENT_PREFIX_PATH} CMAKE_PREFIX_PATH=/home/gabrielolin/turtlebot3_ws/install/dynamixel_sdk_custom_interfaces:/home/gabrielolin/turtlebot3_ws/install/dynamixel_sdk:/opt/ros/humble LD_LIBRARY_PATH=/home/gabrielolin/turtlebot3_ws/install/dynamixel_sdk_custom_interfaces/lib:/home/gabrielolin/turtlebot3_ws/install/dynamixel_sdk/lib:${LD_LIBRARY_PATH} PYTHONPATH=/home/gabrielolin/turtlebot3_ws/install/dynamixel_sdk_custom_interfaces/local/lib/python3.10/dist-packages:${PYTHONPATH} /usr/bin/cmake /home/gabrielolin/turtlebot3_ws/src/DynamixelSDK/dynamixel_sdk_examples -DCMAKE_INSTALL_PREFIX=/home/gabrielolin/turtlebot3_ws/install/dynamixel_sdk_examples
[2.534s] Invoking command in '/home/gabrielolin/turtlebot3_ws/build/dynamixel_sdk_examples': AMENT_PREFIX_PATH=/home/gabrielolin/turtlebot3_ws/install/dynamixel_sdk_custom_interfaces:/home/gabrielolin/turtlebot3_ws/install/dynamixel_sdk:${AMENT_PREFIX_PATH} CMAKE_PREFIX_PATH=/home/gabrielolin/turtlebot3_ws/install/dynamixel_sdk_custom_interfaces:/home/gabrielolin/turtlebot3_ws/install/dynamixel_sdk:/opt/ros/humble LD_LIBRARY_PATH=/home/gabrielolin/turtlebot3_ws/install/dynamixel_sdk_custom_interfaces/lib:/home/gabrielolin/turtlebot3_ws/install/dynamixel_sdk/lib:${LD_LIBRARY_PATH} PYTHONPATH=/home/gabrielolin/turtlebot3_ws/install/dynamixel_sdk_custom_interfaces/local/lib/python3.10/dist-packages:${PYTHONPATH} /usr/bin/cmake --build /home/gabrielolin/turtlebot3_ws/build/dynamixel_sdk_examples -- -j8 -l8
[2.642s] [ 50%] [32mBuilding CXX object CMakeFiles/read_write_node.dir/src/read_write_node.cpp.o[0m
[38.429s] [100%] [32m[1mLinking CXX executable read_write_node[0m
[39.533s] [100%] Built target read_write_node
[39.643s] Invoked command in '/home/gabrielolin/turtlebot3_ws/build/dynamixel_sdk_examples' returned '0': AMENT_PREFIX_PATH=/home/gabrielolin/turtlebot3_ws/install/dynamixel_sdk_custom_interfaces:/home/gabrielolin/turtlebot3_ws/install/dynamixel_sdk:${AMENT_PREFIX_PATH} CMAKE_PREFIX_PATH=/home/gabrielolin/turtlebot3_ws/install/dynamixel_sdk_custom_interfaces:/home/gabrielolin/turtlebot3_ws/install/dynamixel_sdk:/opt/ros/humble LD_LIBRARY_PATH=/home/gabrielolin/turtlebot3_ws/install/dynamixel_sdk_custom_interfaces/lib:/home/gabrielolin/turtlebot3_ws/install/dynamixel_sdk/lib:${LD_LIBRARY_PATH} PYTHONPATH=/home/gabrielolin/turtlebot3_ws/install/dynamixel_sdk_custom_interfaces/local/lib/python3.10/dist-packages:${PYTHONPATH} /usr/bin/cmake --build /home/gabrielolin/turtlebot3_ws/build/dynamixel_sdk_examples -- -j8 -l8
[39.809s] Invoking command in '/home/gabrielolin/turtlebot3_ws/build/dynamixel_sdk_examples': AMENT_PREFIX_PATH=/home/gabrielolin/turtlebot3_ws/install/dynamixel_sdk_custom_interfaces:/home/gabrielolin/turtlebot3_ws/install/dynamixel_sdk:${AMENT_PREFIX_PATH} CMAKE_PREFIX_PATH=/home/gabrielolin/turtlebot3_ws/install/dynamixel_sdk_custom_interfaces:/home/gabrielolin/turtlebot3_ws/install/dynamixel_sdk:/opt/ros/humble LD_LIBRARY_PATH=/home/gabrielolin/turtlebot3_ws/install/dynamixel_sdk_custom_interfaces/lib:/home/gabrielolin/turtlebot3_ws/install/dynamixel_sdk/lib:${LD_LIBRARY_PATH} PYTHONPATH=/home/gabrielolin/turtlebot3_ws/install/dynamixel_sdk_custom_interfaces/local/lib/python3.10/dist-packages:${PYTHONPATH} /usr/bin/cmake --install /home/gabrielolin/turtlebot3_ws/build/dynamixel_sdk_examples
[39.856s] -- Install configuration: ""
[39.856s] -- Installing: /home/gabrielolin/turtlebot3_ws/install/dynamixel_sdk_examples/lib/dynamixel_sdk_examples/read_write_node
[39.875s] -- Set runtime path of "/home/gabrielolin/turtlebot3_ws/install/dynamixel_sdk_examples/lib/dynamixel_sdk_examples/read_write_node" to ""
[39.877s] -- Installing: /home/gabrielolin/turtlebot3_ws/install/dynamixel_sdk_examples/share/ament_index/resource_index/package_run_dependencies/dynamixel_sdk_examples
[39.877s] -- Installing: /home/gabrielolin/turtlebot3_ws/install/dynamixel_sdk_examples/share/ament_index/resource_index/parent_prefix_path/dynamixel_sdk_examples
[39.877s] -- Installing: /home/gabrielolin/turtlebot3_ws/install/dynamixel_sdk_examples/share/dynamixel_sdk_examples/environment/ament_prefix_path.sh
[39.877s] -- Installing: /home/gabrielolin/turtlebot3_ws/install/dynamixel_sdk_examples/share/dynamixel_sdk_examples/environment/ament_prefix_path.dsv
[39.878s] -- Installing: /home/gabrielolin/turtlebot3_ws/install/dynamixel_sdk_examples/share/dynamixel_sdk_examples/environment/path.sh
[39.879s] -- Installing: /home/gabrielolin/turtlebot3_ws/install/dynamixel_sdk_examples/share/dynamixel_sdk_examples/environment/path.dsv
[39.880s] -- Installing: /home/gabrielolin/turtlebot3_ws/install/dynamixel_sdk_examples/share/dynamixel_sdk_examples/local_setup.bash
[39.880s] -- Installing: /home/gabrielolin/turtlebot3_ws/install/dynamixel_sdk_examples/share/dynamixel_sdk_examples/local_setup.sh
[39.881s] -- Installing: /home/gabrielolin/turtlebot3_ws/install/dynamixel_sdk_examples/share/dynamixel_sdk_examples/local_setup.zsh
[39.881s] -- Installing: /home/gabrielolin/turtlebot3_ws/install/dynamixel_sdk_examples/share/dynamixel_sdk_examples/local_setup.dsv
[39.882s] -- Installing: /home/gabrielolin/turtlebot3_ws/install/dynamixel_sdk_examples/share/dynamixel_sdk_examples/package.dsv
[39.883s] -- Installing: /home/gabrielolin/turtlebot3_ws/install/dynamixel_sdk_examples/share/ament_index/resource_index/packages/dynamixel_sdk_examples
[39.883s] -- Installing: /home/gabrielolin/turtlebot3_ws/install/dynamixel_sdk_examples/share/dynamixel_sdk_examples/cmake/dynamixel_sdk_examplesConfig.cmake
[39.884s] -- Installing: /home/gabrielolin/turtlebot3_ws/install/dynamixel_sdk_examples/share/dynamixel_sdk_examples/cmake/dynamixel_sdk_examplesConfig-version.cmake
[39.884s] -- Installing: /home/gabrielolin/turtlebot3_ws/install/dynamixel_sdk_examples/share/dynamixel_sdk_examples/package.xml
[39.894s] Invoked command in '/home/gabrielolin/turtlebot3_ws/build/dynamixel_sdk_examples' returned '0': AMENT_PREFIX_PATH=/home/gabrielolin/turtlebot3_ws/install/dynamixel_sdk_custom_interfaces:/home/gabrielolin/turtlebot3_ws/install/dynamixel_sdk:${AMENT_PREFIX_PATH} CMAKE_PREFIX_PATH=/home/gabrielolin/turtlebot3_ws/install/dynamixel_sdk_custom_interfaces:/home/gabrielolin/turtlebot3_ws/install/dynamixel_sdk:/opt/ros/humble LD_LIBRARY_PATH=/home/gabrielolin/turtlebot3_ws/install/dynamixel_sdk_custom_interfaces/lib:/home/gabrielolin/turtlebot3_ws/install/dynamixel_sdk/lib:${LD_LIBRARY_PATH} PYTHONPATH=/home/gabrielolin/turtlebot3_ws/install/dynamixel_sdk_custom_interfaces/local/lib/python3.10/dist-packages:${PYTHONPATH} /usr/bin/cmake --install /home/gabrielolin/turtlebot3_ws/build/dynamixel_sdk_examples
