[0.039s] Invoking command in '/home/gabrielolin/turtlebot3_ws/build/turtlebot3_navigation2': CMAKE_PREFIX_PATH=/opt/ros/humble /usr/bin/cmake /home/gabrielolin/turtlebot3_ws/src/turtlebot3/turtlebot3_navigation2 -DCMAKE_INSTALL_PREFIX=/home/gabrielolin/turtlebot3_ws/install/turtlebot3_navigation2
[1.044s] -- The C compiler identification is GNU 11.4.0
[1.045s] -- The CXX compiler identification is GNU 11.4.0
[1.045s] -- Detecting C compiler ABI info
[1.045s] -- Detecting C compiler ABI info - done
[1.045s] -- Check for working C compiler: /usr/bin/cc - skipped
[1.045s] -- Detecting C compile features
[1.045s] -- Detecting C compile features - done
[1.045s] -- Detecting CXX compiler ABI info
[1.045s] -- Detecting CXX compiler ABI info - done
[1.045s] -- Check for working CXX compiler: /usr/bin/c++ - skipped
[1.045s] -- Detecting CXX compile features
[1.045s] -- Detecting CXX compile features - done
[1.045s] -- Found ament_cmake: 1.3.8 (/opt/ros/humble/share/ament_cmake/cmake)
[1.045s] -- Found Python3: /usr/bin/python3 (found version "3.10.12") found components: Interpreter 
[1.058s] -- Configuring done
[1.058s] -- Generating done
[1.059s] -- Build files have been written to: /home/gabrielolin/turtlebot3_ws/build/turtlebot3_navigation2
[1.060s] Invoked command in '/home/gabrielolin/turtlebot3_ws/build/turtlebot3_navigation2' returned '0': CMAKE_PREFIX_PATH=/opt/ros/humble /usr/bin/cmake /home/gabrielolin/turtlebot3_ws/src/turtlebot3/turtlebot3_navigation2 -DCMAKE_INSTALL_PREFIX=/home/gabrielolin/turtlebot3_ws/install/turtlebot3_navigation2
[1.061s] Invoking command in '/home/gabrielolin/turtlebot3_ws/build/turtlebot3_navigation2': CMAKE_PREFIX_PATH=/opt/ros/humble /usr/bin/cmake --build /home/gabrielolin/turtlebot3_ws/build/turtlebot3_navigation2 -- -j8 -l8
[1.117s] Invoked command in '/home/gabrielolin/turtlebot3_ws/build/turtlebot3_navigation2' returned '0': CMAKE_PREFIX_PATH=/opt/ros/humble /usr/bin/cmake --build /home/gabrielolin/turtlebot3_ws/build/turtlebot3_navigation2 -- -j8 -l8
[1.249s] Invoking command in '/home/gabrielolin/turtlebot3_ws/build/turtlebot3_navigation2': CMAKE_PREFIX_PATH=/opt/ros/humble /usr/bin/cmake --install /home/gabrielolin/turtlebot3_ws/build/turtlebot3_navigation2
[1.296s] -- Install configuration: ""
[1.296s] -- Installing: /home/gabrielolin/turtlebot3_ws/install/turtlebot3_navigation2/share/turtlebot3_navigation2/launch
[1.297s] -- Installing: /home/gabrielolin/turtlebot3_ws/install/turtlebot3_navigation2/share/turtlebot3_navigation2/launch/navigation2.launch.py
[1.297s] -- Installing: /home/gabrielolin/turtlebot3_ws/install/turtlebot3_navigation2/share/turtlebot3_navigation2/map
[1.297s] -- Installing: /home/gabrielolin/turtlebot3_ws/install/turtlebot3_navigation2/share/turtlebot3_navigation2/map/map.yaml
[1.297s] -- Installing: /home/gabrielolin/turtlebot3_ws/install/turtlebot3_navigation2/share/turtlebot3_navigation2/map/map.pgm
[1.297s] -- Installing: /home/gabrielolin/turtlebot3_ws/install/turtlebot3_navigation2/share/turtlebot3_navigation2/param
[1.297s] -- Installing: /home/gabrielolin/turtlebot3_ws/install/turtlebot3_navigation2/share/turtlebot3_navigation2/param/waffle.yaml
[1.297s] -- Installing: /home/gabrielolin/turtlebot3_ws/install/turtlebot3_navigation2/share/turtlebot3_navigation2/param/waffle_pi.yaml
[1.297s] -- Installing: /home/gabrielolin/turtlebot3_ws/install/turtlebot3_navigation2/share/turtlebot3_navigation2/param/burger.yaml
[1.297s] -- Installing: /home/gabrielolin/turtlebot3_ws/install/turtlebot3_navigation2/share/turtlebot3_navigation2/rviz
[1.297s] -- Installing: /home/gabrielolin/turtlebot3_ws/install/turtlebot3_navigation2/share/turtlebot3_navigation2/rviz/tb3_navigation2.rviz
[1.297s] -- Installing: /home/gabrielolin/turtlebot3_ws/install/turtlebot3_navigation2/share/ament_index/resource_index/package_run_dependencies/turtlebot3_navigation2
[1.297s] -- Installing: /home/gabrielolin/turtlebot3_ws/install/turtlebot3_navigation2/share/ament_index/resource_index/parent_prefix_path/turtlebot3_navigation2
[1.297s] -- Installing: /home/gabrielolin/turtlebot3_ws/install/turtlebot3_navigation2/share/turtlebot3_navigation2/environment/ament_prefix_path.sh
[1.297s] -- Installing: /home/gabrielolin/turtlebot3_ws/install/turtlebot3_navigation2/share/turtlebot3_navigation2/environment/ament_prefix_path.dsv
[1.297s] -- Installing: /home/gabrielolin/turtlebot3_ws/install/turtlebot3_navigation2/share/turtlebot3_navigation2/environment/path.sh
[1.297s] -- Installing: /home/gabrielolin/turtlebot3_ws/install/turtlebot3_navigation2/share/turtlebot3_navigation2/environment/path.dsv
[1.298s] -- Installing: /home/gabrielolin/turtlebot3_ws/install/turtlebot3_navigation2/share/turtlebot3_navigation2/local_setup.bash
[1.298s] -- Installing: /home/gabrielolin/turtlebot3_ws/install/turtlebot3_navigation2/share/turtlebot3_navigation2/local_setup.sh
[1.298s] -- Installing: /home/gabrielolin/turtlebot3_ws/install/turtlebot3_navigation2/share/turtlebot3_navigation2/local_setup.zsh
[1.298s] -- Installing: /home/gabrielolin/turtlebot3_ws/install/turtlebot3_navigation2/share/turtlebot3_navigation2/local_setup.dsv
[1.298s] -- Installing: /home/gabrielolin/turtlebot3_ws/install/turtlebot3_navigation2/share/turtlebot3_navigation2/package.dsv
[1.298s] -- Installing: /home/gabrielolin/turtlebot3_ws/install/turtlebot3_navigation2/share/ament_index/resource_index/packages/turtlebot3_navigation2
[1.298s] -- Installing: /home/gabrielolin/turtlebot3_ws/install/turtlebot3_navigation2/share/turtlebot3_navigation2/cmake/turtlebot3_navigation2Config.cmake
[1.298s] -- Installing: /home/gabrielolin/turtlebot3_ws/install/turtlebot3_navigation2/share/turtlebot3_navigation2/cmake/turtlebot3_navigation2Config-version.cmake
[1.298s] -- Installing: /home/gabrielolin/turtlebot3_ws/install/turtlebot3_navigation2/share/turtlebot3_navigation2/package.xml
[1.359s] Invoked command in '/home/gabrielolin/turtlebot3_ws/build/turtlebot3_navigation2' returned '0': CMAKE_PREFIX_PATH=/opt/ros/humble /usr/bin/cmake --install /home/gabrielolin/turtlebot3_ws/build/turtlebot3_navigation2
