[0.037s] Invoking command in '/home/gabrielolin/turtlebot3_ws/build/turtlebot3_cartographer': CMAKE_PREFIX_PATH=/opt/ros/humble /usr/bin/cmake /home/gabrielolin/turtlebot3_ws/src/turtlebot3/turtlebot3_cartographer -DCMAKE_INSTALL_PREFIX=/home/gabrielolin/turtlebot3_ws/install/turtlebot3_cartographer
[0.228s] -- The C compiler identification is GNU 11.4.0
[0.369s] -- The CXX compiler identification is GNU 11.4.0
[0.386s] -- Detecting C compiler ABI info
[0.488s] -- Detecting C compiler ABI info - done
[0.497s] -- Check for working C compiler: /usr/bin/cc - skipped
[0.497s] -- Detecting C compile features
[0.497s] -- Detecting C compile features - done
[0.501s] -- Detecting CXX compiler ABI info
[0.606s] -- Detecting CXX compiler ABI info - done
[0.618s] -- Check for working CXX compiler: /usr/bin/c++ - skipped
[0.619s] -- Detecting CXX compile features
[0.619s] -- Detecting CXX compile features - done
[0.623s] -- Found ament_cmake: 1.3.8 (/opt/ros/humble/share/ament_cmake/cmake)
[0.809s] -- Found Python3: /usr/bin/python3 (found version "3.10.12") found components: Interpreter 
[1.059s] -- Configuring done
[1.062s] -- Generating done
[1.063s] -- Build files have been written to: /home/gabrielolin/turtlebot3_ws/build/turtlebot3_cartographer
[1.068s] Invoked command in '/home/gabrielolin/turtlebot3_ws/build/turtlebot3_cartographer' returned '0': CMAKE_PREFIX_PATH=/opt/ros/humble /usr/bin/cmake /home/gabrielolin/turtlebot3_ws/src/turtlebot3/turtlebot3_cartographer -DCMAKE_INSTALL_PREFIX=/home/gabrielolin/turtlebot3_ws/install/turtlebot3_cartographer
[1.069s] Invoking command in '/home/gabrielolin/turtlebot3_ws/build/turtlebot3_cartographer': CMAKE_PREFIX_PATH=/opt/ros/humble /usr/bin/cmake --build /home/gabrielolin/turtlebot3_ws/build/turtlebot3_cartographer -- -j8 -l8
[1.132s] Invoked command in '/home/gabrielolin/turtlebot3_ws/build/turtlebot3_cartographer' returned '0': CMAKE_PREFIX_PATH=/opt/ros/humble /usr/bin/cmake --build /home/gabrielolin/turtlebot3_ws/build/turtlebot3_cartographer -- -j8 -l8
[1.235s] Invoking command in '/home/gabrielolin/turtlebot3_ws/build/turtlebot3_cartographer': CMAKE_PREFIX_PATH=/opt/ros/humble /usr/bin/cmake --install /home/gabrielolin/turtlebot3_ws/build/turtlebot3_cartographer
[1.299s] -- Install configuration: ""
[1.299s] -- Installing: /home/gabrielolin/turtlebot3_ws/install/turtlebot3_cartographer/share/turtlebot3_cartographer/config
[1.300s] -- Installing: /home/gabrielolin/turtlebot3_ws/install/turtlebot3_cartographer/share/turtlebot3_cartographer/config/turtlebot3_lds_2d.lua
[1.300s] -- Installing: /home/gabrielolin/turtlebot3_ws/install/turtlebot3_cartographer/share/turtlebot3_cartographer/launch
[1.300s] -- Installing: /home/gabrielolin/turtlebot3_ws/install/turtlebot3_cartographer/share/turtlebot3_cartographer/launch/cartographer.launch.py
[1.300s] -- Installing: /home/gabrielolin/turtlebot3_ws/install/turtlebot3_cartographer/share/turtlebot3_cartographer/launch/occupancy_grid.launch.py
[1.300s] -- Installing: /home/gabrielolin/turtlebot3_ws/install/turtlebot3_cartographer/share/turtlebot3_cartographer/rviz
[1.300s] -- Installing: /home/gabrielolin/turtlebot3_ws/install/turtlebot3_cartographer/share/turtlebot3_cartographer/rviz/tb3_cartographer.rviz
[1.300s] -- Installing: /home/gabrielolin/turtlebot3_ws/install/turtlebot3_cartographer/share/ament_index/resource_index/package_run_dependencies/turtlebot3_cartographer
[1.301s] -- Installing: /home/gabrielolin/turtlebot3_ws/install/turtlebot3_cartographer/share/ament_index/resource_index/parent_prefix_path/turtlebot3_cartographer
[1.301s] -- Installing: /home/gabrielolin/turtlebot3_ws/install/turtlebot3_cartographer/share/turtlebot3_cartographer/environment/ament_prefix_path.sh
[1.301s] -- Installing: /home/gabrielolin/turtlebot3_ws/install/turtlebot3_cartographer/share/turtlebot3_cartographer/environment/ament_prefix_path.dsv
[1.301s] -- Installing: /home/gabrielolin/turtlebot3_ws/install/turtlebot3_cartographer/share/turtlebot3_cartographer/environment/path.sh
[1.301s] -- Installing: /home/gabrielolin/turtlebot3_ws/install/turtlebot3_cartographer/share/turtlebot3_cartographer/environment/path.dsv
[1.301s] -- Installing: /home/gabrielolin/turtlebot3_ws/install/turtlebot3_cartographer/share/turtlebot3_cartographer/local_setup.bash
[1.301s] -- Installing: /home/gabrielolin/turtlebot3_ws/install/turtlebot3_cartographer/share/turtlebot3_cartographer/local_setup.sh
[1.302s] -- Installing: /home/gabrielolin/turtlebot3_ws/install/turtlebot3_cartographer/share/turtlebot3_cartographer/local_setup.zsh
[1.302s] -- Installing: /home/gabrielolin/turtlebot3_ws/install/turtlebot3_cartographer/share/turtlebot3_cartographer/local_setup.dsv
[1.302s] -- Installing: /home/gabrielolin/turtlebot3_ws/install/turtlebot3_cartographer/share/turtlebot3_cartographer/package.dsv
[1.302s] -- Installing: /home/gabrielolin/turtlebot3_ws/install/turtlebot3_cartographer/share/ament_index/resource_index/packages/turtlebot3_cartographer
[1.302s] -- Installing: /home/gabrielolin/turtlebot3_ws/install/turtlebot3_cartographer/share/turtlebot3_cartographer/cmake/turtlebot3_cartographerConfig.cmake
[1.302s] -- Installing: /home/gabrielolin/turtlebot3_ws/install/turtlebot3_cartographer/share/turtlebot3_cartographer/cmake/turtlebot3_cartographerConfig-version.cmake
[1.302s] -- Installing: /home/gabrielolin/turtlebot3_ws/install/turtlebot3_cartographer/share/turtlebot3_cartographer/package.xml
[1.318s] Invoked command in '/home/gabrielolin/turtlebot3_ws/build/turtlebot3_cartographer' returned '0': CMAKE_PREFIX_PATH=/opt/ros/humble /usr/bin/cmake --install /home/gabrielolin/turtlebot3_ws/build/turtlebot3_cartographer
