[0.039s] Invoking command in '/home/gabrielolin/turtlebot3_ws/build/turtlebot3_gazebo': CMAKE_PREFIX_PATH=/opt/ros/humble /usr/bin/cmake /home/gabrielolin/turtlebot3_ws/src/turtlebot3_simulations/turtlebot3_gazebo -DCMAKE_INSTALL_PREFIX=/home/gabrielolin/turtlebot3_ws/install/turtlebot3_gazebo
[0.228s] -- The C compiler identification is GNU 11.4.0
[0.364s] -- The CXX compiler identification is GNU 11.4.0
[0.383s] -- Detecting C compiler ABI info
[0.483s] -- Detecting C compiler ABI info - done
[0.490s] -- Check for working C compiler: /usr/bin/cc - skipped
[0.490s] -- Detecting C compile features
[0.491s] -- Detecting C compile features - done
[0.494s] -- Detecting CXX compiler ABI info
[0.599s] -- Detecting CXX compiler ABI info - done
[0.601s] -- Check for working CXX compiler: /usr/bin/c++ - skipped
[0.602s] -- Detecting CXX compile features
[0.602s] -- Detecting CXX compile features - done
[0.615s] -- Found ament_cmake: 1.3.8 (/opt/ros/humble/share/ament_cmake/cmake)
[0.817s] -- Found Python3: /usr/bin/python3 (found version "3.10.12") found components: Interpreter 
[0.957s] [33mCMake Warning (dev) at /usr/share/cmake-3.22/Modules/FindPackageHandleStandardArgs.cmake:438 (message):
[0.957s]   The package name passed to `find_package_handle_standard_args` (PkgConfig)
[0.957s]   does not match the name of the calling package (gazebo).  This can lead to
[0.958s]   problems in calling code that expects `find_package` result variables
[0.958s]   (e.g., `_FOUND`) to follow a certain pattern.
[0.958s] Call Stack (most recent call first):
[0.958s]   /usr/share/cmake-3.22/Modules/FindPkgConfig.cmake:99 (find_package_handle_standard_args)
[0.958s]   /usr/lib/x86_64-linux-gnu/cmake/gazebo/gazebo-config.cmake:72 (include)
[0.958s]   CMakeLists.txt:23 (find_package)
[0.958s] This warning is for project developers.  Use -Wno-dev to suppress it.
[0.958s] [0m
[0.958s] -- Found PkgConfig: /usr/bin/pkg-config (found version "0.29.2") 
[0.963s] -- Checking for module 'bullet>=2.82'
[0.980s] --   Found bullet, version 3.05
[1.132s] -- Found fcl: /usr/include (found suitable version "0.7.0", minimum required is "0.5.0") 
[1.355s] -- Found assimp: /usr/include (found version "5.2.0") 
[1.409s] -- Found DART: /usr/include (Required is at least version "6.6") found components: dart 
[1.796s] -- Found Boost: /usr/lib/x86_64-linux-gnu/cmake/Boost-1.74.0/BoostConfig.cmake (found suitable version "1.74.0", minimum required is "1.40.0") found components: thread system filesystem program_options regex iostreams date_time 
[1.835s] -- Found Protobuf: /usr/lib/x86_64-linux-gnu/libprotobuf.so (found version "3.12.4") 
[1.842s] -- Looking for ignition-math6 -- found version 6.15.1
[1.858s] -- Searching for dependencies of ignition-math6
[1.861s] -- Looking for OGRE...
[1.861s] -- OGRE_PREFIX_WATCH changed.
[1.867s] -- Checking for module 'OGRE'
[1.887s] --   Found OGRE, version 1.9.0
[1.923s] -- Found Ogre Ghadamon (1.9.0)
[1.936s] -- Found OGRE: optimized;/usr/lib/x86_64-linux-gnu/libOgreMain.so;debug;/usr/lib/x86_64-linux-gnu/libOgreMain.so
[1.949s] -- Looking for OGRE_Paging...
[1.955s] -- Found OGRE_Paging: optimized;/usr/lib/x86_64-linux-gnu/libOgrePaging.so;debug;/usr/lib/x86_64-linux-gnu/libOgrePaging.so
[1.955s] -- Looking for OGRE_Terrain...
[1.962s] -- Found OGRE_Terrain: optimized;/usr/lib/x86_64-linux-gnu/libOgreTerrain.so;debug;/usr/lib/x86_64-linux-gnu/libOgreTerrain.so
[1.962s] -- Looking for OGRE_Property...
[1.968s] -- Found OGRE_Property: optimized;/usr/lib/x86_64-linux-gnu/libOgreProperty.so;debug;/usr/lib/x86_64-linux-gnu/libOgreProperty.so
[1.968s] -- Looking for OGRE_RTShaderSystem...
[1.975s] -- Found OGRE_RTShaderSystem: optimized;/usr/lib/x86_64-linux-gnu/libOgreRTShaderSystem.so;debug;/usr/lib/x86_64-linux-gnu/libOgreRTShaderSystem.so
[1.975s] -- Looking for OGRE_Volume...
[1.979s] -- Found OGRE_Volume: optimized;/usr/lib/x86_64-linux-gnu/libOgreVolume.so;debug;/usr/lib/x86_64-linux-gnu/libOgreVolume.so
[1.979s] -- Looking for OGRE_Overlay...
[1.984s] -- Found OGRE_Overlay: optimized;/usr/lib/x86_64-linux-gnu/libOgreOverlay.so;debug;/usr/lib/x86_64-linux-gnu/libOgreOverlay.so
[2.136s] -- Looking for ignition-math6 -- found version 6.15.1
[2.141s] -- Looking for ignition-transport8 -- found version 8.2.1
[2.144s] -- Searching for dependencies of ignition-transport8
[2.165s] -- Found Protobuf: /usr/lib/x86_64-linux-gnu/libprotobuf.so (found suitable version "3.12.4", minimum required is "3") 
[2.181s] -- Config-file not installed for ZeroMQ -- checking for pkg-config
[2.189s] -- Checking for module 'libzmq >= 4'
[2.210s] --   Found libzmq , version 4.3.4
[2.252s] -- Found ZeroMQ: TRUE (Required is at least version "4") 
[2.264s] -- Checking for module 'uuid'
[2.281s] --   Found uuid, version 2.37.2
[2.331s] -- Found UUID: TRUE  
[2.333s] -- Looking for ignition-msgs5 -- found version 5.8.1
[2.334s] -- Searching for dependencies of ignition-msgs5
[2.357s] -- Looking for ignition-math6 -- found version 6.15.1
[2.366s] -- Checking for module 'tinyxml2'
[2.385s] --   Found tinyxml2, version 9.0.0
[2.438s] -- Looking for ignition-msgs5 -- found version 5.8.1
[2.441s] -- Looking for ignition-common3 -- found version 3.14.0
[2.442s] -- Searching for dependencies of ignition-common3
[2.444s] -- Looking for dlfcn.h - found
[2.446s] -- Looking for libdl - found
[2.448s] -- Found DL: TRUE  
[2.465s] -- Found tinyobjloader: /usr/lib/x86_64-linux-gnu/cmake/tinyobjloader/tinyobjloader-config.cmake (found version "2.0.0") 
[2.465s] -- Searching for <ignition-common3> component [graphics]
[2.470s] -- Looking for ignition-common3-graphics -- found version 3.14.0
[2.471s] -- Searching for dependencies of ignition-common3-graphics
[2.471s] -- Looking for ignition-math6 -- found version 6.15.1
[2.474s] -- Looking for ignition-fuel_tools4 -- found version 4.4.0
[2.475s] -- Searching for dependencies of ignition-fuel_tools4
[2.588s] -- Found CURL: /usr/lib/x86_64-linux-gnu/libcurl.so (found version "7.81.0")  
[2.599s] -- Checking for module 'jsoncpp'
[2.615s] --   Found jsoncpp, version 1.9.5
[2.673s] -- Found JSONCPP: TRUE  
[2.684s] -- Checking for module 'libzip'
[2.696s] --   Found libzip, version 1.7.3
[2.754s] -- Found ZIP: TRUE  
[2.754s] -- Looking for ignition-common3 -- found version 3.14.0
[2.755s] -- Looking for ignition-math6 -- found version 6.15.1
[2.755s] -- Looking for ignition-msgs5 -- found version 5.8.1
[2.764s] -- Found gazebo_ros_pkgs: 3.7.0 (/opt/ros/humble/share/gazebo_ros_pkgs/cmake)
[2.768s] -- Found geometry_msgs: 4.2.3 (/opt/ros/humble/share/geometry_msgs/cmake)
[2.807s] -- Found rosidl_generator_c: 3.1.5 (/opt/ros/humble/share/rosidl_generator_c/cmake)
[2.813s] -- Found rosidl_adapter: 3.1.5 (/opt/ros/humble/share/rosidl_adapter/cmake)
[2.823s] -- Found rosidl_generator_cpp: 3.1.5 (/opt/ros/humble/share/rosidl_generator_cpp/cmake)
[2.843s] -- Using all available rosidl_typesupport_c: rosidl_typesupport_fastrtps_c;rosidl_typesupport_introspection_c
[2.869s] -- Using all available rosidl_typesupport_cpp: rosidl_typesupport_fastrtps_cpp;rosidl_typesupport_introspection_cpp
[3.051s] -- Found nav_msgs: 4.2.3 (/opt/ros/humble/share/nav_msgs/cmake)
[3.171s] -- Found rclcpp: 16.0.8 (/opt/ros/humble/share/rclcpp/cmake)
[3.301s] -- Found rmw_implementation_cmake: 6.1.1 (/opt/ros/humble/share/rmw_implementation_cmake/cmake)
[3.307s] -- Found rmw_cyclonedds_cpp: 1.3.4 (/opt/ros/humble/share/rmw_cyclonedds_cpp/cmake)
[3.375s] -- Using RMW implementation 'rmw_cyclonedds_cpp' as default
[3.392s] -- Found Threads: TRUE  
[3.619s] -- Found sensor_msgs: 4.2.3 (/opt/ros/humble/share/sensor_msgs/cmake)
[3.876s] -- Found tf2: 0.25.6 (/opt/ros/humble/share/tf2/cmake)
[4.034s] -- Configuring done
[4.085s] -- Generating done
[4.089s] -- Build files have been written to: /home/gabrielolin/turtlebot3_ws/build/turtlebot3_gazebo
[4.127s] Invoked command in '/home/gabrielolin/turtlebot3_ws/build/turtlebot3_gazebo' returned '0': CMAKE_PREFIX_PATH=/opt/ros/humble /usr/bin/cmake /home/gabrielolin/turtlebot3_ws/src/turtlebot3_simulations/turtlebot3_gazebo -DCMAKE_INSTALL_PREFIX=/home/gabrielolin/turtlebot3_ws/install/turtlebot3_gazebo
[4.129s] Invoking command in '/home/gabrielolin/turtlebot3_ws/build/turtlebot3_gazebo': CMAKE_PREFIX_PATH=/opt/ros/humble /usr/bin/cmake --build /home/gabrielolin/turtlebot3_ws/build/turtlebot3_gazebo -- -j8 -l8
[4.280s] [ 12%] [32mBuilding CXX object CMakeFiles/obstacle2.dir/models/turtlebot3_dqn_world/obstacle_plugin/obstacle2.cc.o[0m
[4.283s] [ 25%] [32mBuilding CXX object CMakeFiles/obstacles.dir/models/turtlebot3_dqn_world/obstacle_plugin/obstacles.cc.o[0m
[4.287s] [ 37%] [32mBuilding CXX object CMakeFiles/turtlebot3_drive.dir/src/turtlebot3_drive.cpp.o[0m
[4.341s] [ 50%] [32mBuilding CXX object CMakeFiles/obstacle1.dir/models/turtlebot3_dqn_world/obstacle_plugin/obstacle1.cc.o[0m
[43.836s] [ 62%] [32m[1mLinking CXX executable turtlebot3_drive[0m
[44.749s] [ 75%] [32m[1mLinking CXX shared library libobstacle1.so[0m
[45.042s] [ 87%] [32m[1mLinking CXX shared library libobstacles.so[0m
[45.411s] [100%] [32m[1mLinking CXX shared library libobstacle2.so[0m
[46.167s] [100%] Built target obstacle1
[46.215s] [100%] Built target obstacles
[46.961s] [100%] Built target obstacle2
[47.127s] [100%] Built target turtlebot3_drive
[47.183s] Invoked command in '/home/gabrielolin/turtlebot3_ws/build/turtlebot3_gazebo' returned '0': CMAKE_PREFIX_PATH=/opt/ros/humble /usr/bin/cmake --build /home/gabrielolin/turtlebot3_ws/build/turtlebot3_gazebo -- -j8 -l8
[47.662s] Invoking command in '/home/gabrielolin/turtlebot3_ws/build/turtlebot3_gazebo': CMAKE_PREFIX_PATH=/opt/ros/humble /usr/bin/cmake --install /home/gabrielolin/turtlebot3_ws/build/turtlebot3_gazebo
[47.687s] -- Install configuration: ""
[47.702s] -- Installing: /home/gabrielolin/turtlebot3_ws/install/turtlebot3_gazebo/lib/turtlebot3_gazebo/turtlebot3_drive
[47.724s] -- Set runtime path of "/home/gabrielolin/turtlebot3_ws/install/turtlebot3_gazebo/lib/turtlebot3_gazebo/turtlebot3_drive" to ""
[47.724s] -- Installing: /home/gabrielolin/turtlebot3_ws/install/turtlebot3_gazebo/share/turtlebot3_gazebo//launch
[47.725s] -- Installing: /home/gabrielolin/turtlebot3_ws/install/turtlebot3_gazebo/share/turtlebot3_gazebo//launch/turtlebot3_dqn_stage4.launch.py
[47.730s] -- Installing: /home/gabrielolin/turtlebot3_ws/install/turtlebot3_gazebo/share/turtlebot3_gazebo//launch/turtlebot3_world.launch.py
[47.733s] -- Installing: /home/gabrielolin/turtlebot3_ws/install/turtlebot3_gazebo/share/turtlebot3_gazebo//launch/turtlebot3_dqn_stage3.launch.py
[47.736s] -- Installing: /home/gabrielolin/turtlebot3_ws/install/turtlebot3_gazebo/share/turtlebot3_gazebo//launch/turtlebot3_house.launch.py
[47.737s] -- Installing: /home/gabrielolin/turtlebot3_ws/install/turtlebot3_gazebo/share/turtlebot3_gazebo//launch/turtlebot3_dqn_stage1.launch.py
[47.738s] -- Installing: /home/gabrielolin/turtlebot3_ws/install/turtlebot3_gazebo/share/turtlebot3_gazebo//launch/spawn_turtlebot3.launch.py
[47.739s] -- Installing: /home/gabrielolin/turtlebot3_ws/install/turtlebot3_gazebo/share/turtlebot3_gazebo//launch/empty_world.launch.py
[47.740s] -- Installing: /home/gabrielolin/turtlebot3_ws/install/turtlebot3_gazebo/share/turtlebot3_gazebo//launch/robot_state_publisher.launch.py
[47.740s] -- Installing: /home/gabrielolin/turtlebot3_ws/install/turtlebot3_gazebo/share/turtlebot3_gazebo//launch/turtlebot3_dqn_stage2.launch.py
[47.745s] -- Installing: /home/gabrielolin/turtlebot3_ws/install/turtlebot3_gazebo/share/turtlebot3_gazebo//models
[47.746s] -- Installing: /home/gabrielolin/turtlebot3_ws/install/turtlebot3_gazebo/share/turtlebot3_gazebo//models/turtlebot3_waffle
[47.748s] -- Installing: /home/gabrielolin/turtlebot3_ws/install/turtlebot3_gazebo/share/turtlebot3_gazebo//models/turtlebot3_waffle/model.sdf
[47.769s] -- Installing: /home/gabrielolin/turtlebot3_ws/install/turtlebot3_gazebo/share/turtlebot3_gazebo//models/turtlebot3_waffle/model.config
[47.769s] -- Installing: /home/gabrielolin/turtlebot3_ws/install/turtlebot3_gazebo/share/turtlebot3_gazebo//models/turtlebot3_waffle/model-1_4.sdf
[47.770s] -- Installing: /home/gabrielolin/turtlebot3_ws/install/turtlebot3_gazebo/share/turtlebot3_gazebo//models/turtlebot3_house
[47.771s] -- Installing: /home/gabrielolin/turtlebot3_ws/install/turtlebot3_gazebo/share/turtlebot3_gazebo//models/turtlebot3_house/model.sdf
[47.772s] -- Installing: /home/gabrielolin/turtlebot3_ws/install/turtlebot3_gazebo/share/turtlebot3_gazebo//models/turtlebot3_house/model.config
[47.773s] -- Installing: /home/gabrielolin/turtlebot3_ws/install/turtlebot3_gazebo/share/turtlebot3_gazebo//models/turtlebot3_waffle_pi
[47.773s] -- Installing: /home/gabrielolin/turtlebot3_ws/install/turtlebot3_gazebo/share/turtlebot3_gazebo//models/turtlebot3_waffle_pi/model.sdf
[47.774s] -- Installing: /home/gabrielolin/turtlebot3_ws/install/turtlebot3_gazebo/share/turtlebot3_gazebo//models/turtlebot3_waffle_pi/model.config
[47.775s] -- Installing: /home/gabrielolin/turtlebot3_ws/install/turtlebot3_gazebo/share/turtlebot3_gazebo//models/turtlebot3_waffle_pi/model-1_4_.sdf
[47.776s] -- Installing: /home/gabrielolin/turtlebot3_ws/install/turtlebot3_gazebo/share/turtlebot3_gazebo//models/turtlebot3_common
[47.777s] -- Installing: /home/gabrielolin/turtlebot3_ws/install/turtlebot3_gazebo/share/turtlebot3_gazebo//models/turtlebot3_common/model.config
[47.778s] -- Installing: /home/gabrielolin/turtlebot3_ws/install/turtlebot3_gazebo/share/turtlebot3_gazebo//models/turtlebot3_common/meshes
[47.778s] -- Installing: /home/gabrielolin/turtlebot3_ws/install/turtlebot3_gazebo/share/turtlebot3_gazebo//models/turtlebot3_common/meshes/r200.dae
[47.780s] -- Installing: /home/gabrielolin/turtlebot3_ws/install/turtlebot3_gazebo/share/turtlebot3_gazebo//models/turtlebot3_common/meshes/tire.dae
[47.780s] -- Installing: /home/gabrielolin/turtlebot3_ws/install/turtlebot3_gazebo/share/turtlebot3_gazebo//models/turtlebot3_common/meshes/waffle_pi_base.dae
[47.781s] -- Installing: /home/gabrielolin/turtlebot3_ws/install/turtlebot3_gazebo/share/turtlebot3_gazebo//models/turtlebot3_common/meshes/waffle_base.dae
[47.782s] -- Installing: /home/gabrielolin/turtlebot3_ws/install/turtlebot3_gazebo/share/turtlebot3_gazebo//models/turtlebot3_common/meshes/lds.dae
[47.784s] -- Installing: /home/gabrielolin/turtlebot3_ws/install/turtlebot3_gazebo/share/turtlebot3_gazebo//models/turtlebot3_common/meshes/burger_base.dae
[47.785s] -- Installing: /home/gabrielolin/turtlebot3_ws/install/turtlebot3_gazebo/share/turtlebot3_gazebo//models/turtlebot3_dqn_world
[47.786s] -- Installing: /home/gabrielolin/turtlebot3_ws/install/turtlebot3_gazebo/share/turtlebot3_gazebo//models/turtlebot3_dqn_world/obstacle_plugin
[47.799s] -- Installing: /home/gabrielolin/turtlebot3_ws/install/turtlebot3_gazebo/share/turtlebot3_gazebo//models/turtlebot3_dqn_world/obstacle_plugin/CMakeLists.txt
[47.800s] -- Installing: /home/gabrielolin/turtlebot3_ws/install/turtlebot3_gazebo/share/turtlebot3_gazebo//models/turtlebot3_dqn_world/obstacle_plugin/obstacle1.cc
[47.800s] -- Installing: /home/gabrielolin/turtlebot3_ws/install/turtlebot3_gazebo/share/turtlebot3_gazebo//models/turtlebot3_dqn_world/obstacle_plugin/obstacles.cc
[47.800s] -- Installing: /home/gabrielolin/turtlebot3_ws/install/turtlebot3_gazebo/share/turtlebot3_gazebo//models/turtlebot3_dqn_world/obstacle_plugin/obstacle2.cc
[47.801s] -- Installing: /home/gabrielolin/turtlebot3_ws/install/turtlebot3_gazebo/share/turtlebot3_gazebo//models/turtlebot3_dqn_world/model.sdf
[47.801s] -- Installing: /home/gabrielolin/turtlebot3_ws/install/turtlebot3_gazebo/share/turtlebot3_gazebo//models/turtlebot3_dqn_world/model.config
[47.801s] -- Installing: /home/gabrielolin/turtlebot3_ws/install/turtlebot3_gazebo/share/turtlebot3_gazebo//models/turtlebot3_dqn_world/obstacles
[47.801s] -- Installing: /home/gabrielolin/turtlebot3_ws/install/turtlebot3_gazebo/share/turtlebot3_gazebo//models/turtlebot3_dqn_world/obstacles/model.sdf
[47.802s] -- Installing: /home/gabrielolin/turtlebot3_ws/install/turtlebot3_gazebo/share/turtlebot3_gazebo//models/turtlebot3_dqn_world/obstacles/model.config
[47.803s] -- Installing: /home/gabrielolin/turtlebot3_ws/install/turtlebot3_gazebo/share/turtlebot3_gazebo//models/turtlebot3_dqn_world/goal_box
[47.803s] -- Installing: /home/gabrielolin/turtlebot3_ws/install/turtlebot3_gazebo/share/turtlebot3_gazebo//models/turtlebot3_dqn_world/goal_box/model.sdf
[47.803s] -- Installing: /home/gabrielolin/turtlebot3_ws/install/turtlebot3_gazebo/share/turtlebot3_gazebo//models/turtlebot3_dqn_world/goal_box/model.config
[47.804s] -- Installing: /home/gabrielolin/turtlebot3_ws/install/turtlebot3_gazebo/share/turtlebot3_gazebo//models/turtlebot3_dqn_world/inner_walls
[47.804s] -- Installing: /home/gabrielolin/turtlebot3_ws/install/turtlebot3_gazebo/share/turtlebot3_gazebo//models/turtlebot3_dqn_world/inner_walls/model.sdf
[47.804s] -- Installing: /home/gabrielolin/turtlebot3_ws/install/turtlebot3_gazebo/share/turtlebot3_gazebo//models/turtlebot3_dqn_world/inner_walls/model.config
[47.804s] -- Installing: /home/gabrielolin/turtlebot3_ws/install/turtlebot3_gazebo/share/turtlebot3_gazebo//models/turtlebot3_dqn_world/obstacle2
[47.805s] -- Installing: /home/gabrielolin/turtlebot3_ws/install/turtlebot3_gazebo/share/turtlebot3_gazebo//models/turtlebot3_dqn_world/obstacle2/model.sdf
[47.805s] -- Installing: /home/gabrielolin/turtlebot3_ws/install/turtlebot3_gazebo/share/turtlebot3_gazebo//models/turtlebot3_dqn_world/obstacle2/model.config
[47.805s] -- Installing: /home/gabrielolin/turtlebot3_ws/install/turtlebot3_gazebo/share/turtlebot3_gazebo//models/turtlebot3_dqn_world/obstacle1
[47.805s] -- Installing: /home/gabrielolin/turtlebot3_ws/install/turtlebot3_gazebo/share/turtlebot3_gazebo//models/turtlebot3_dqn_world/obstacle1/model.sdf
[47.806s] -- Installing: /home/gabrielolin/turtlebot3_ws/install/turtlebot3_gazebo/share/turtlebot3_gazebo//models/turtlebot3_dqn_world/obstacle1/model.config
[47.806s] -- Installing: /home/gabrielolin/turtlebot3_ws/install/turtlebot3_gazebo/share/turtlebot3_gazebo//models/turtlebot3_burger
[47.806s] -- Installing: /home/gabrielolin/turtlebot3_ws/install/turtlebot3_gazebo/share/turtlebot3_gazebo//models/turtlebot3_burger/model.sdf
[47.806s] -- Installing: /home/gabrielolin/turtlebot3_ws/install/turtlebot3_gazebo/share/turtlebot3_gazebo//models/turtlebot3_burger/model.config
[47.807s] -- Installing: /home/gabrielolin/turtlebot3_ws/install/turtlebot3_gazebo/share/turtlebot3_gazebo//models/turtlebot3_burger/model-1_4.sdf
[47.807s] -- Installing: /home/gabrielolin/turtlebot3_ws/install/turtlebot3_gazebo/share/turtlebot3_gazebo//models/turtlebot3_world
[47.807s] -- Installing: /home/gabrielolin/turtlebot3_ws/install/turtlebot3_gazebo/share/turtlebot3_gazebo//models/turtlebot3_world/model.sdf
[47.808s] -- Installing: /home/gabrielolin/turtlebot3_ws/install/turtlebot3_gazebo/share/turtlebot3_gazebo//models/turtlebot3_world/model.config
[47.808s] -- Installing: /home/gabrielolin/turtlebot3_ws/install/turtlebot3_gazebo/share/turtlebot3_gazebo//models/turtlebot3_world/model-1_4.sdf
[47.808s] -- Installing: /home/gabrielolin/turtlebot3_ws/install/turtlebot3_gazebo/share/turtlebot3_gazebo//models/turtlebot3_world/meshes
[47.809s] -- Installing: /home/gabrielolin/turtlebot3_ws/install/turtlebot3_gazebo/share/turtlebot3_gazebo//models/turtlebot3_world/meshes/wall.dae
[47.809s] -- Installing: /home/gabrielolin/turtlebot3_ws/install/turtlebot3_gazebo/share/turtlebot3_gazebo//models/turtlebot3_world/meshes/hexagon.dae
[47.809s] -- Installing: /home/gabrielolin/turtlebot3_ws/install/turtlebot3_gazebo/share/turtlebot3_gazebo//rviz
[47.809s] -- Installing: /home/gabrielolin/turtlebot3_ws/install/turtlebot3_gazebo/share/turtlebot3_gazebo//rviz/tb3_gazebo.rviz
[47.810s] -- Installing: /home/gabrielolin/turtlebot3_ws/install/turtlebot3_gazebo/share/turtlebot3_gazebo//urdf
[47.810s] -- Installing: /home/gabrielolin/turtlebot3_ws/install/turtlebot3_gazebo/share/turtlebot3_gazebo//urdf/turtlebot3_waffle_pi.urdf
[47.810s] -- Installing: /home/gabrielolin/turtlebot3_ws/install/turtlebot3_gazebo/share/turtlebot3_gazebo//urdf/turtlebot3_burger.urdf
[47.810s] -- Installing: /home/gabrielolin/turtlebot3_ws/install/turtlebot3_gazebo/share/turtlebot3_gazebo//urdf/common_properties.urdf
[47.811s] -- Installing: /home/gabrielolin/turtlebot3_ws/install/turtlebot3_gazebo/share/turtlebot3_gazebo//urdf/turtlebot3_waffle.urdf
[47.812s] -- Installing: /home/gabrielolin/turtlebot3_ws/install/turtlebot3_gazebo/share/turtlebot3_gazebo//worlds
[47.812s] -- Installing: /home/gabrielolin/turtlebot3_ws/install/turtlebot3_gazebo/share/turtlebot3_gazebo//worlds/turtlebot3_dqn_stage3.world
[47.812s] -- Installing: /home/gabrielolin/turtlebot3_ws/install/turtlebot3_gazebo/share/turtlebot3_gazebo//worlds/turtlebot3_world.world
[47.812s] -- Installing: /home/gabrielolin/turtlebot3_ws/install/turtlebot3_gazebo/share/turtlebot3_gazebo//worlds/turtlebot3_dqn_stage2.world
[47.815s] -- Installing: /home/gabrielolin/turtlebot3_ws/install/turtlebot3_gazebo/share/turtlebot3_gazebo//worlds/turtlebot3_dqn_stage4.world
[47.823s] -- Installing: /home/gabrielolin/turtlebot3_ws/install/turtlebot3_gazebo/share/turtlebot3_gazebo//worlds/turtlebot3_dqn_stage1.world
[47.835s] -- Installing: /home/gabrielolin/turtlebot3_ws/install/turtlebot3_gazebo/share/turtlebot3_gazebo//worlds/empty_world.world
[47.836s] -- Installing: /home/gabrielolin/turtlebot3_ws/install/turtlebot3_gazebo/share/turtlebot3_gazebo//worlds/turtlebot3_house.world
[47.836s] -- Installing: /home/gabrielolin/turtlebot3_ws/install/turtlebot3_gazebo/include/
[47.836s] -- Installing: /home/gabrielolin/turtlebot3_ws/install/turtlebot3_gazebo/include//turtlebot3_gazebo
[47.836s] -- Installing: /home/gabrielolin/turtlebot3_ws/install/turtlebot3_gazebo/include//turtlebot3_gazebo/turtlebot3_drive.hpp
[47.837s] -- Installing: /home/gabrielolin/turtlebot3_ws/install/turtlebot3_gazebo/share/ament_index/resource_index/package_run_dependencies/turtlebot3_gazebo
[47.838s] -- Installing: /home/gabrielolin/turtlebot3_ws/install/turtlebot3_gazebo/share/ament_index/resource_index/parent_prefix_path/turtlebot3_gazebo
[47.839s] -- Installing: /home/gabrielolin/turtlebot3_ws/install/turtlebot3_gazebo/share/turtlebot3_gazebo/environment/ament_prefix_path.sh
[47.841s] -- Installing: /home/gabrielolin/turtlebot3_ws/install/turtlebot3_gazebo/share/turtlebot3_gazebo/environment/ament_prefix_path.dsv
[47.841s] -- Installing: /home/gabrielolin/turtlebot3_ws/install/turtlebot3_gazebo/share/turtlebot3_gazebo/environment/path.sh
[47.841s] -- Installing: /home/gabrielolin/turtlebot3_ws/install/turtlebot3_gazebo/share/turtlebot3_gazebo/environment/path.dsv
[47.841s] -- Installing: /home/gabrielolin/turtlebot3_ws/install/turtlebot3_gazebo/share/turtlebot3_gazebo/local_setup.bash
[47.841s] -- Installing: /home/gabrielolin/turtlebot3_ws/install/turtlebot3_gazebo/share/turtlebot3_gazebo/local_setup.sh
[47.842s] -- Installing: /home/gabrielolin/turtlebot3_ws/install/turtlebot3_gazebo/share/turtlebot3_gazebo/local_setup.zsh
[47.842s] -- Installing: /home/gabrielolin/turtlebot3_ws/install/turtlebot3_gazebo/share/turtlebot3_gazebo/local_setup.dsv
[47.842s] -- Installing: /home/gabrielolin/turtlebot3_ws/install/turtlebot3_gazebo/share/turtlebot3_gazebo/package.dsv
[47.851s] -- Installing: /home/gabrielolin/turtlebot3_ws/install/turtlebot3_gazebo/share/ament_index/resource_index/packages/turtlebot3_gazebo
[47.852s] -- Installing: /home/gabrielolin/turtlebot3_ws/install/turtlebot3_gazebo/share/turtlebot3_gazebo/cmake/ament_cmake_export_include_directories-extras.cmake
[47.852s] -- Installing: /home/gabrielolin/turtlebot3_ws/install/turtlebot3_gazebo/share/turtlebot3_gazebo/cmake/ament_cmake_export_dependencies-extras.cmake
[47.853s] -- Installing: /home/gabrielolin/turtlebot3_ws/install/turtlebot3_gazebo/share/turtlebot3_gazebo/cmake/turtlebot3_gazeboConfig.cmake
[47.853s] -- Installing: /home/gabrielolin/turtlebot3_ws/install/turtlebot3_gazebo/share/turtlebot3_gazebo/cmake/turtlebot3_gazeboConfig-version.cmake
[47.853s] -- Installing: /home/gabrielolin/turtlebot3_ws/install/turtlebot3_gazebo/share/turtlebot3_gazebo/package.xml
[47.854s] Invoked command in '/home/gabrielolin/turtlebot3_ws/build/turtlebot3_gazebo' returned '0': CMAKE_PREFIX_PATH=/opt/ros/humble /usr/bin/cmake --install /home/gabrielolin/turtlebot3_ws/build/turtlebot3_gazebo
