[1.011s] Invoking command in '/home/gabrielolin/turtlebot3_ws/src/ROS2-FrontierBaseExplorationForAutonomousRobot/autonomous_exploration': PYTHONPATH=/home/gabrielolin/turtlebot3_ws/build/autonomous_exploration/prefix_override:/home/gabrielolin/turtlebot3_ws/install/autonomous_exploration/lib/python3.10/site-packages:${PYTHONPATH} /usr/bin/python3 -W ignore:setup.py install is deprecated setup.py egg_info --egg-base ../../../build/autonomous_exploration build --build-base /home/gabrielolin/turtlebot3_ws/build/autonomous_exploration/build install --record /home/gabrielolin/turtlebot3_ws/build/autonomous_exploration/install.log --single-version-externally-managed install_data
[1.422s] running egg_info
[1.422s] writing ../../../build/autonomous_exploration/autonomous_exploration.egg-info/PKG-INFO
[1.422s] writing dependency_links to ../../../build/autonomous_exploration/autonomous_exploration.egg-info/dependency_links.txt
[1.422s] writing entry points to ../../../build/autonomous_exploration/autonomous_exploration.egg-info/entry_points.txt
[1.422s] writing requirements to ../../../build/autonomous_exploration/autonomous_exploration.egg-info/requires.txt
[1.422s] writing top-level names to ../../../build/autonomous_exploration/autonomous_exploration.egg-info/top_level.txt
[1.427s] reading manifest file '../../../build/autonomous_exploration/autonomous_exploration.egg-info/SOURCES.txt'
[1.427s] writing manifest file '../../../build/autonomous_exploration/autonomous_exploration.egg-info/SOURCES.txt'
[1.427s] running build
[1.427s] running build_py
[1.428s] running install
[1.428s] running install_lib
[1.428s] running install_data
[1.428s] running install_egg_info
[1.429s] removing '/home/gabrielolin/turtlebot3_ws/install/autonomous_exploration/lib/python3.10/site-packages/autonomous_exploration-0.0.0-py3.10.egg-info' (and everything under it)
[1.429s] Copying ../../../build/autonomous_exploration/autonomous_exploration.egg-info to /home/gabrielolin/turtlebot3_ws/install/autonomous_exploration/lib/python3.10/site-packages/autonomous_exploration-0.0.0-py3.10.egg-info
[1.430s] running install_scripts
[1.462s] Installing control script to /home/gabrielolin/turtlebot3_ws/install/autonomous_exploration/lib/autonomous_exploration
[1.462s] writing list of installed files to '/home/gabrielolin/turtlebot3_ws/build/autonomous_exploration/install.log'
[1.507s] Invoked command in '/home/gabrielolin/turtlebot3_ws/src/ROS2-FrontierBaseExplorationForAutonomousRobot/autonomous_exploration' returned '0': PYTHONPATH=/home/gabrielolin/turtlebot3_ws/build/autonomous_exploration/prefix_override:/home/gabrielolin/turtlebot3_ws/install/autonomous_exploration/lib/python3.10/site-packages:${PYTHONPATH} /usr/bin/python3 -W ignore:setup.py install is deprecated setup.py egg_info --egg-base ../../../build/autonomous_exploration build --build-base /home/gabrielolin/turtlebot3_ws/build/autonomous_exploration/build install --record /home/gabrielolin/turtlebot3_ws/build/autonomous_exploration/install.log --single-version-externally-managed install_data
