[0.040s] Invoking command in '/home/gabrielolin/turtlebot3_ws/build/turtlebot3_description': CMAKE_PREFIX_PATH=/opt/ros/humble /usr/bin/cmake /home/gabrielolin/turtlebot3_ws/src/turtlebot3/turtlebot3_description -DCMAKE_INSTALL_PREFIX=/home/gabrielolin/turtlebot3_ws/install/turtlebot3_description
[0.234s] -- The C compiler identification is GNU 11.4.0
[0.381s] -- The CXX compiler identification is GNU 11.4.0
[0.394s] -- Detecting C compiler ABI info
[0.485s] -- Detecting C compiler ABI info - done
[0.495s] -- Check for working C compiler: /usr/bin/cc - skipped
[0.499s] -- Detecting C compile features
[0.500s] -- Detecting C compile features - done
[0.505s] -- Detecting CXX compiler ABI info
[0.634s] -- Detecting CXX compiler ABI info - done
[0.644s] -- Check for working CXX compiler: /usr/bin/c++ - skipped
[0.644s] -- Detecting CXX compile features
[0.645s] -- Detecting CXX compile features - done
[0.647s] -- Found ament_cmake: 1.3.8 (/opt/ros/humble/share/ament_cmake/cmake)
[0.846s] -- Found Python3: /usr/bin/python3 (found version "3.10.12") found components: Interpreter 
[0.978s] -- Found urdf: 2.6.0 (/opt/ros/humble/share/urdf/cmake)
[1.190s] -- Configuring done
[1.190s] -- Generating done
[1.190s] -- Build files have been written to: /home/gabrielolin/turtlebot3_ws/build/turtlebot3_description
[1.197s] Invoked command in '/home/gabrielolin/turtlebot3_ws/build/turtlebot3_description' returned '0': CMAKE_PREFIX_PATH=/opt/ros/humble /usr/bin/cmake /home/gabrielolin/turtlebot3_ws/src/turtlebot3/turtlebot3_description -DCMAKE_INSTALL_PREFIX=/home/gabrielolin/turtlebot3_ws/install/turtlebot3_description
[1.198s] Invoking command in '/home/gabrielolin/turtlebot3_ws/build/turtlebot3_description': CMAKE_PREFIX_PATH=/opt/ros/humble /usr/bin/cmake --build /home/gabrielolin/turtlebot3_ws/build/turtlebot3_description -- -j8 -l8
[1.313s] Invoked command in '/home/gabrielolin/turtlebot3_ws/build/turtlebot3_description' returned '0': CMAKE_PREFIX_PATH=/opt/ros/humble /usr/bin/cmake --build /home/gabrielolin/turtlebot3_ws/build/turtlebot3_description -- -j8 -l8
[1.432s] Invoking command in '/home/gabrielolin/turtlebot3_ws/build/turtlebot3_description': CMAKE_PREFIX_PATH=/opt/ros/humble /usr/bin/cmake --install /home/gabrielolin/turtlebot3_ws/build/turtlebot3_description
[1.446s] -- Install configuration: ""
[1.446s] -- Installing: /home/gabrielolin/turtlebot3_ws/install/turtlebot3_description/share/turtlebot3_description/meshes
[1.446s] -- Installing: /home/gabrielolin/turtlebot3_ws/install/turtlebot3_description/share/turtlebot3_description/meshes/bases
[1.446s] -- Installing: /home/gabrielolin/turtlebot3_ws/install/turtlebot3_description/share/turtlebot3_description/meshes/bases/waffle_pi_base.stl
[1.454s] -- Installing: /home/gabrielolin/turtlebot3_ws/install/turtlebot3_description/share/turtlebot3_description/meshes/bases/burger_base.stl
[1.460s] -- Installing: /home/gabrielolin/turtlebot3_ws/install/turtlebot3_description/share/turtlebot3_description/meshes/bases/waffle_base.stl
[1.480s] -- Installing: /home/gabrielolin/turtlebot3_ws/install/turtlebot3_description/share/turtlebot3_description/meshes/sensors
[1.480s] -- Installing: /home/gabrielolin/turtlebot3_ws/install/turtlebot3_description/share/turtlebot3_description/meshes/sensors/astra.dae
[1.498s] -- Installing: /home/gabrielolin/turtlebot3_ws/install/turtlebot3_description/share/turtlebot3_description/meshes/sensors/r200.dae
[1.499s] -- Installing: /home/gabrielolin/turtlebot3_ws/install/turtlebot3_description/share/turtlebot3_description/meshes/sensors/astra.jpg
[1.499s] -- Installing: /home/gabrielolin/turtlebot3_ws/install/turtlebot3_description/share/turtlebot3_description/meshes/sensors/lds.stl
[1.503s] -- Installing: /home/gabrielolin/turtlebot3_ws/install/turtlebot3_description/share/turtlebot3_description/meshes/sensors/r200.jpg
[1.503s] -- Installing: /home/gabrielolin/turtlebot3_ws/install/turtlebot3_description/share/turtlebot3_description/meshes/wheels
[1.504s] -- Installing: /home/gabrielolin/turtlebot3_ws/install/turtlebot3_description/share/turtlebot3_description/meshes/wheels/right_tire.stl
[1.506s] -- Installing: /home/gabrielolin/turtlebot3_ws/install/turtlebot3_description/share/turtlebot3_description/meshes/wheels/left_tire.stl
[1.508s] -- Installing: /home/gabrielolin/turtlebot3_ws/install/turtlebot3_description/share/turtlebot3_description/rviz
[1.509s] -- Installing: /home/gabrielolin/turtlebot3_ws/install/turtlebot3_description/share/turtlebot3_description/rviz/model.rviz
[1.509s] -- Installing: /home/gabrielolin/turtlebot3_ws/install/turtlebot3_description/share/turtlebot3_description/urdf
[1.509s] -- Installing: /home/gabrielolin/turtlebot3_ws/install/turtlebot3_description/share/turtlebot3_description/urdf/turtlebot3_waffle_pi.urdf
[1.510s] -- Installing: /home/gabrielolin/turtlebot3_ws/install/turtlebot3_description/share/turtlebot3_description/urdf/turtlebot3_burger.urdf
[1.510s] -- Installing: /home/gabrielolin/turtlebot3_ws/install/turtlebot3_description/share/turtlebot3_description/urdf/common_properties.urdf
[1.511s] -- Installing: /home/gabrielolin/turtlebot3_ws/install/turtlebot3_description/share/turtlebot3_description/urdf/turtlebot3_waffle.urdf
[1.511s] -- Installing: /home/gabrielolin/turtlebot3_ws/install/turtlebot3_description/share/ament_index/resource_index/package_run_dependencies/turtlebot3_description
[1.512s] -- Installing: /home/gabrielolin/turtlebot3_ws/install/turtlebot3_description/share/ament_index/resource_index/parent_prefix_path/turtlebot3_description
[1.512s] -- Installing: /home/gabrielolin/turtlebot3_ws/install/turtlebot3_description/share/turtlebot3_description/environment/ament_prefix_path.sh
[1.513s] -- Installing: /home/gabrielolin/turtlebot3_ws/install/turtlebot3_description/share/turtlebot3_description/environment/ament_prefix_path.dsv
[1.514s] -- Installing: /home/gabrielolin/turtlebot3_ws/install/turtlebot3_description/share/turtlebot3_description/environment/path.sh
[1.515s] -- Installing: /home/gabrielolin/turtlebot3_ws/install/turtlebot3_description/share/turtlebot3_description/environment/path.dsv
[1.516s] -- Installing: /home/gabrielolin/turtlebot3_ws/install/turtlebot3_description/share/turtlebot3_description/local_setup.bash
[1.516s] -- Installing: /home/gabrielolin/turtlebot3_ws/install/turtlebot3_description/share/turtlebot3_description/local_setup.sh
[1.517s] -- Installing: /home/gabrielolin/turtlebot3_ws/install/turtlebot3_description/share/turtlebot3_description/local_setup.zsh
[1.517s] -- Installing: /home/gabrielolin/turtlebot3_ws/install/turtlebot3_description/share/turtlebot3_description/local_setup.dsv
[1.518s] -- Installing: /home/gabrielolin/turtlebot3_ws/install/turtlebot3_description/share/turtlebot3_description/package.dsv
[1.520s] -- Installing: /home/gabrielolin/turtlebot3_ws/install/turtlebot3_description/share/ament_index/resource_index/packages/turtlebot3_description
[1.520s] -- Installing: /home/gabrielolin/turtlebot3_ws/install/turtlebot3_description/share/turtlebot3_description/cmake/turtlebot3_descriptionConfig.cmake
[1.521s] -- Installing: /home/gabrielolin/turtlebot3_ws/install/turtlebot3_description/share/turtlebot3_description/cmake/turtlebot3_descriptionConfig-version.cmake
[1.521s] -- Installing: /home/gabrielolin/turtlebot3_ws/install/turtlebot3_description/share/turtlebot3_description/package.xml
[1.535s] Invoked command in '/home/gabrielolin/turtlebot3_ws/build/turtlebot3_description' returned '0': CMAKE_PREFIX_PATH=/opt/ros/humble /usr/bin/cmake --install /home/gabrielolin/turtlebot3_ws/build/turtlebot3_description
